<?xml version="1.0" encoding="UTF-8"?>
<!-- Generated by org.testng.reporters.JUnitReportReporter -->
<testsuite skipped="0" hostname="sbv6-Vostro-3268" name="company.RoomBase" tests="1" failures="0" timestamp="05 Feb 2019 05:23:26 GMT" time="3.092" errors="0">
  <testcase name="start" time="3.092" classname="company.RoomBase"/>
</testsuite> <!-- company.RoomBase -->
