<?xml version="1.0" encoding="UTF-8"?>
<!-- Generated by org.testng.reporters.JUnitReportReporter -->
<testsuite skipped="0" hostname="sbv6-Vostro-3268" name="company.ApplicantRegBase" tests="1" failures="0" timestamp="03 Jun 2019 10:33:52 GMT" time="27.193" errors="0">
  <testcase name="start" time="27.193" classname="company.ApplicantRegBase"/>
</testsuite> <!-- company.ApplicantRegBase -->
