<?xml version="1.0" encoding="UTF-8"?>
<!-- Generated by org.testng.reporters.JUnitReportReporter -->
<testsuite skipped="415" hostname="sbv6-Vostro-3268" name="company.Area" tests="743" failures="0" timestamp="09 Jul 2019 12:18:16 GMT" time="6240.666" errors="1">
  <testcase name="company" time="9.426" classname="company.Area">
    <skipped/>
  </testcase> <!-- company -->
  <testcase name="company" time="9.634" classname="company.Area">
    <skipped/>
  </testcase> <!-- company -->
  <testcase name="company" time="9.960" classname="company.Area">
    <skipped/>
  </testcase> <!-- company -->
  <testcase name="company" time="18.342" classname="company.Area"/>
  <testcase name="company" time="18.694" classname="company.Area"/>
  <testcase name="company" time="9.425" classname="company.Area">
    <skipped/>
  </testcase> <!-- company -->
  <testcase name="company" time="18.656" classname="company.Area"/>
  <testcase name="company" time="13.059" classname="company.Area">
    <skipped/>
  </testcase> <!-- company -->
  <testcase name="company" time="19.102" classname="company.Area"/>
  <testcase name="company" time="9.563" classname="company.Area">
    <skipped/>
  </testcase> <!-- company -->
  <testcase name="company" time="9.238" classname="company.Area">
    <skipped/>
  </testcase> <!-- company -->
  <testcase name="company" time="19.040" classname="company.Area"/>
  <testcase name="company" time="10.084" classname="company.Area">
    <skipped/>
  </testcase> <!-- company -->
  <testcase name="company" time="9.162" classname="company.Area">
    <skipped/>
  </testcase> <!-- company -->
  <testcase name="company" time="17.754" classname="company.Area"/>
  <testcase name="company" time="9.486" classname="company.Area">
    <skipped/>
  </testcase> <!-- company -->
  <testcase name="company" time="9.301" classname="company.Area">
    <skipped/>
  </testcase> <!-- company -->
  <testcase name="company" time="18.414" classname="company.Area"/>
  <testcase name="company" time="9.419" classname="company.Area">
    <skipped/>
  </testcase> <!-- company -->
  <testcase name="company" time="18.572" classname="company.Area"/>
  <testcase name="company" time="9.225" classname="company.Area">
    <skipped/>
  </testcase> <!-- company -->
  <testcase name="company" time="9.430" classname="company.Area">
    <skipped/>
  </testcase> <!-- company -->
  <testcase name="company" time="10.823" classname="company.Area">
    <skipped/>
  </testcase> <!-- company -->
  <testcase name="company" time="10.019" classname="company.Area">
    <skipped/>
  </testcase> <!-- company -->
  <testcase name="company" time="9.855" classname="company.Area">
    <skipped/>
  </testcase> <!-- company -->
  <testcase name="company" time="9.411" classname="company.Area">
    <skipped/>
  </testcase> <!-- company -->
  <testcase name="company" time="9.343" classname="company.Area">
    <skipped/>
  </testcase> <!-- company -->
  <testcase name="company" time="19.001" classname="company.Area"/>
  <testcase name="company" time="9.450" classname="company.Area">
    <skipped/>
  </testcase> <!-- company -->
  <testcase name="company" time="18.724" classname="company.Area"/>
  <testcase name="company" time="19.000" classname="company.Area"/>
  <testcase name="company" time="9.474" classname="company.Area">
    <skipped/>
  </testcase> <!-- company -->
  <testcase name="company" time="9.508" classname="company.Area">
    <skipped/>
  </testcase> <!-- company -->
  <testcase name="company" time="9.545" classname="company.Area">
    <skipped/>
  </testcase> <!-- company -->
  <testcase name="company" time="9.573" classname="company.Area">
    <skipped/>
  </testcase> <!-- company -->
  <testcase name="company" time="18.807" classname="company.Area"/>
  <testcase name="company" time="9.772" classname="company.Area">
    <skipped/>
  </testcase> <!-- company -->
  <testcase name="company" time="9.613" classname="company.Area">
    <skipped/>
  </testcase> <!-- company -->
  <testcase name="company" time="18.778" classname="company.Area"/>
  <testcase name="company" time="9.737" classname="company.Area">
    <skipped/>
  </testcase> <!-- company -->
  <testcase name="company" time="18.803" classname="company.Area"/>
  <testcase name="company" time="18.872" classname="company.Area"/>
  <testcase name="company" time="9.526" classname="company.Area">
    <skipped/>
  </testcase> <!-- company -->
  <testcase name="company" time="18.044" classname="company.Area"/>
  <testcase name="company" time="18.953" classname="company.Area"/>
  <testcase name="company" time="9.467" classname="company.Area">
    <skipped/>
  </testcase> <!-- company -->
  <testcase name="company" time="18.699" classname="company.Area"/>
  <testcase name="company" time="9.398" classname="company.Area">
    <skipped/>
  </testcase> <!-- company -->
  <testcase name="company" time="10.151" classname="company.Area">
    <skipped/>
  </testcase> <!-- company -->
  <testcase name="company" time="19.715" classname="company.Area"/>
  <testcase name="company" time="18.731" classname="company.Area"/>
  <testcase name="company" time="19.259" classname="company.Area"/>
  <testcase name="company" time="9.326" classname="company.Area">
    <skipped/>
  </testcase> <!-- company -->
  <testcase name="company" time="9.499" classname="company.Area">
    <skipped/>
  </testcase> <!-- company -->
  <testcase name="company" time="9.788" classname="company.Area">
    <skipped/>
  </testcase> <!-- company -->
  <testcase name="company" time="9.845" classname="company.Area">
    <skipped/>
  </testcase> <!-- company -->
  <testcase name="company" time="9.318" classname="company.Area">
    <skipped/>
  </testcase> <!-- company -->
  <testcase name="company" time="9.718" classname="company.Area">
    <skipped/>
  </testcase> <!-- company -->
  <testcase name="company" time="9.395" classname="company.Area">
    <skipped/>
  </testcase> <!-- company -->
  <testcase name="company" time="9.253" classname="company.Area">
    <skipped/>
  </testcase> <!-- company -->
  <testcase name="company" time="19.201" classname="company.Area"/>
  <testcase name="company" time="9.469" classname="company.Area">
    <skipped/>
  </testcase> <!-- company -->
  <testcase name="company" time="9.553" classname="company.Area">
    <skipped/>
  </testcase> <!-- company -->
  <testcase name="company" time="19.834" classname="company.Area"/>
  <testcase name="company" time="9.627" classname="company.Area">
    <skipped/>
  </testcase> <!-- company -->
  <testcase name="company" time="9.228" classname="company.Area">
    <skipped/>
  </testcase> <!-- company -->
  <testcase name="company" time="9.540" classname="company.Area">
    <skipped/>
  </testcase> <!-- company -->
  <testcase name="company" time="18.069" classname="company.Area"/>
  <testcase name="company" time="18.498" classname="company.Area"/>
  <testcase name="company" time="20.170" classname="company.Area"/>
  <testcase name="company" time="9.564" classname="company.Area">
    <skipped/>
  </testcase> <!-- company -->
  <testcase name="company" time="18.875" classname="company.Area"/>
  <testcase name="company" time="19.716" classname="company.Area"/>
  <testcase name="company" time="9.206" classname="company.Area">
    <skipped/>
  </testcase> <!-- company -->
  <testcase name="company" time="9.950" classname="company.Area">
    <skipped/>
  </testcase> <!-- company -->
  <testcase name="company" time="18.162" classname="company.Area"/>
  <testcase name="company" time="18.880" classname="company.Area"/>
  <testcase name="company" time="9.953" classname="company.Area">
    <skipped/>
  </testcase> <!-- company -->
  <testcase name="company" time="18.489" classname="company.Area"/>
  <testcase name="company" time="18.413" classname="company.Area"/>
  <testcase name="company" time="9.362" classname="company.Area">
    <skipped/>
  </testcase> <!-- company -->
  <testcase name="company" time="18.760" classname="company.Area"/>
  <testcase name="company" time="9.871" classname="company.Area">
    <skipped/>
  </testcase> <!-- company -->
  <testcase name="company" time="9.425" classname="company.Area">
    <skipped/>
  </testcase> <!-- company -->
  <testcase name="company" time="18.169" classname="company.Area"/>
  <testcase name="company" time="9.487" classname="company.Area">
    <skipped/>
  </testcase> <!-- company -->
  <testcase name="company" time="9.386" classname="company.Area">
    <skipped/>
  </testcase> <!-- company -->
  <testcase name="company" time="19.150" classname="company.Area"/>
  <testcase name="company" time="9.361" classname="company.Area">
    <skipped/>
  </testcase> <!-- company -->
  <testcase name="company" time="18.803" classname="company.Area"/>
  <testcase name="company" time="9.173" classname="company.Area">
    <skipped/>
  </testcase> <!-- company -->
  <testcase name="company" time="19.021" classname="company.Area"/>
  <testcase name="company" time="9.400" classname="company.Area">
    <skipped/>
  </testcase> <!-- company -->
  <testcase name="company" time="9.509" classname="company.Area">
    <skipped/>
  </testcase> <!-- company -->
  <testcase name="company" time="9.284" classname="company.Area">
    <skipped/>
  </testcase> <!-- company -->
  <testcase name="company" time="10.013" classname="company.Area">
    <skipped/>
  </testcase> <!-- company -->
  <testcase name="company" time="18.673" classname="company.Area"/>
  <testcase name="company" time="9.856" classname="company.Area">
    <skipped/>
  </testcase> <!-- company -->
  <testcase name="company" time="10.348" classname="company.Area">
    <skipped/>
  </testcase> <!-- company -->
  <testcase name="company" time="9.996" classname="company.Area">
    <skipped/>
  </testcase> <!-- company -->
  <testcase name="company" time="19.118" classname="company.Area"/>
  <testcase name="company" time="9.555" classname="company.Area">
    <skipped/>
  </testcase> <!-- company -->
  <testcase name="company" time="9.552" classname="company.Area">
    <skipped/>
  </testcase> <!-- company -->
  <testcase name="company" time="18.985" classname="company.Area"/>
  <testcase name="company" time="18.478" classname="company.Area"/>
  <testcase name="company" time="17.884" classname="company.Area"/>
  <testcase name="company" time="19.213" classname="company.Area"/>
  <testcase name="company" time="9.398" classname="company.Area">
    <skipped/>
  </testcase> <!-- company -->
  <testcase name="company" time="20.004" classname="company.Area"/>
  <testcase name="company" time="10.041" classname="company.Area">
    <skipped/>
  </testcase> <!-- company -->
  <testcase name="company" time="9.676" classname="company.Area">
    <skipped/>
  </testcase> <!-- company -->
  <testcase name="company" time="18.922" classname="company.Area"/>
  <testcase name="company" time="9.316" classname="company.Area">
    <skipped/>
  </testcase> <!-- company -->
  <testcase name="company" time="18.600" classname="company.Area"/>
  <testcase name="company" time="18.867" classname="company.Area"/>
  <testcase name="company" time="9.374" classname="company.Area">
    <skipped/>
  </testcase> <!-- company -->
  <testcase name="company" time="18.789" classname="company.Area"/>
  <testcase name="company" time="9.701" classname="company.Area">
    <skipped/>
  </testcase> <!-- company -->
  <testcase name="company" time="19.245" classname="company.Area"/>
  <testcase name="company" time="17.952" classname="company.Area"/>
  <testcase name="company" time="9.150" classname="company.Area">
    <skipped/>
  </testcase> <!-- company -->
  <testcase name="company" time="18.085" classname="company.Area"/>
  <testcase name="company" time="10.175" classname="company.Area">
    <skipped/>
  </testcase> <!-- company -->
  <testcase name="company" time="9.999" classname="company.Area">
    <skipped/>
  </testcase> <!-- company -->
  <testcase name="company" time="18.806" classname="company.Area"/>
  <testcase name="company" time="19.380" classname="company.Area"/>
  <testcase name="company" time="9.553" classname="company.Area">
    <skipped/>
  </testcase> <!-- company -->
  <testcase name="company" time="9.673" classname="company.Area">
    <skipped/>
  </testcase> <!-- company -->
  <testcase name="company" time="18.102" classname="company.Area"/>
  <testcase name="company" time="19.149" classname="company.Area"/>
  <testcase name="company" time="19.474" classname="company.Area"/>
  <testcase name="company" time="10.179" classname="company.Area">
    <skipped/>
  </testcase> <!-- company -->
  <testcase name="company" time="10.538" classname="company.Area">
    <skipped/>
  </testcase> <!-- company -->
  <testcase name="company" time="19.117" classname="company.Area"/>
  <testcase name="company" time="19.162" classname="company.Area"/>
  <testcase name="company" time="9.195" classname="company.Area">
    <skipped/>
  </testcase> <!-- company -->
  <testcase name="company" time="9.498" classname="company.Area">
    <skipped/>
  </testcase> <!-- company -->
  <testcase name="company" time="18.710" classname="company.Area"/>
  <testcase name="company" time="9.768" classname="company.Area">
    <skipped/>
  </testcase> <!-- company -->
  <testcase name="company" time="9.660" classname="company.Area">
    <skipped/>
  </testcase> <!-- company -->
  <testcase name="company" time="9.746" classname="company.Area">
    <skipped/>
  </testcase> <!-- company -->
  <testcase name="company" time="51.305" classname="company.Area"/>
  <testcase name="company" time="19.272" classname="company.Area"/>
  <testcase name="company" time="18.515" classname="company.Area"/>
  <testcase name="company" time="20.330" classname="company.Area"/>
  <testcase name="company" time="9.539" classname="company.Area">
    <skipped/>
  </testcase> <!-- company -->
  <testcase name="company" time="19.293" classname="company.Area"/>
  <testcase name="company" time="18.723" classname="company.Area"/>
  <testcase name="company" time="19.019" classname="company.Area"/>
  <testcase name="company" time="9.413" classname="company.Area">
    <skipped/>
  </testcase> <!-- company -->
  <testcase name="company" time="9.637" classname="company.Area">
    <skipped/>
  </testcase> <!-- company -->
  <testcase name="company" time="9.780" classname="company.Area">
    <skipped/>
  </testcase> <!-- company -->
  <testcase name="company" time="10.746" classname="company.Area">
    <skipped/>
  </testcase> <!-- company -->
  <testcase name="company" time="10.422" classname="company.Area">
    <skipped/>
  </testcase> <!-- company -->
  <testcase name="company" time="9.365" classname="company.Area">
    <skipped/>
  </testcase> <!-- company -->
  <testcase name="company" time="9.294" classname="company.Area">
    <skipped/>
  </testcase> <!-- company -->
  <testcase name="company" time="9.421" classname="company.Area">
    <skipped/>
  </testcase> <!-- company -->
  <testcase name="company" time="17.887" classname="company.Area"/>
  <testcase name="company" time="18.855" classname="company.Area"/>
  <testcase name="company" time="19.016" classname="company.Area"/>
  <testcase name="company" time="18.128" classname="company.Area"/>
  <testcase name="company" time="19.040" classname="company.Area"/>
  <testcase name="company" time="18.895" classname="company.Area"/>
  <testcase name="company" time="9.472" classname="company.Area">
    <skipped/>
  </testcase> <!-- company -->
  <testcase name="company" time="19.800" classname="company.Area"/>
  <testcase name="company" time="18.581" classname="company.Area"/>
  <testcase name="company" time="19.297" classname="company.Area"/>
  <testcase name="company" time="18.652" classname="company.Area"/>
  <testcase name="company" time="19.021" classname="company.Area"/>
  <testcase name="company" time="9.418" classname="company.Area">
    <skipped/>
  </testcase> <!-- company -->
  <testcase name="company" time="19.025" classname="company.Area"/>
  <testcase name="company" time="20.177" classname="company.Area"/>
  <testcase name="company" time="9.333" classname="company.Area">
    <skipped/>
  </testcase> <!-- company -->
  <testcase name="company" time="9.597" classname="company.Area">
    <skipped/>
  </testcase> <!-- company -->
  <testcase name="company" time="9.772" classname="company.Area">
    <skipped/>
  </testcase> <!-- company -->
  <testcase name="company" time="9.524" classname="company.Area">
    <skipped/>
  </testcase> <!-- company -->
  <testcase name="company" time="9.386" classname="company.Area">
    <skipped/>
  </testcase> <!-- company -->
  <testcase name="company" time="9.749" classname="company.Area">
    <skipped/>
  </testcase> <!-- company -->
  <testcase name="company" time="19.259" classname="company.Area"/>
  <testcase name="company" time="19.152" classname="company.Area"/>
  <testcase name="company" time="19.934" classname="company.Area"/>
  <testcase name="company" time="9.773" classname="company.Area">
    <skipped/>
  </testcase> <!-- company -->
  <testcase name="company" time="18.785" classname="company.Area"/>
  <testcase name="company" time="9.329" classname="company.Area">
    <skipped/>
  </testcase> <!-- company -->
  <testcase name="company" time="9.848" classname="company.Area">
    <skipped/>
  </testcase> <!-- company -->
  <testcase name="company" time="9.981" classname="company.Area">
    <skipped/>
  </testcase> <!-- company -->
  <testcase name="company" time="9.666" classname="company.Area">
    <skipped/>
  </testcase> <!-- company -->
  <testcase name="company" time="19.141" classname="company.Area"/>
  <testcase name="company" time="19.305" classname="company.Area"/>
  <testcase name="company" time="9.417" classname="company.Area">
    <skipped/>
  </testcase> <!-- company -->
  <testcase name="company" time="9.767" classname="company.Area">
    <skipped/>
  </testcase> <!-- company -->
  <testcase name="company" time="19.035" classname="company.Area"/>
  <testcase name="company" time="18.510" classname="company.Area"/>
  <testcase name="company" time="18.543" classname="company.Area"/>
  <testcase name="company" time="18.330" classname="company.Area"/>
  <testcase name="company" time="9.226" classname="company.Area">
    <skipped/>
  </testcase> <!-- company -->
  <testcase name="company" time="9.578" classname="company.Area">
    <skipped/>
  </testcase> <!-- company -->
  <testcase name="company" time="20.483" classname="company.Area"/>
  <testcase name="company" time="9.626" classname="company.Area">
    <skipped/>
  </testcase> <!-- company -->
  <testcase name="company" time="19.003" classname="company.Area"/>
  <testcase name="company" time="18.509" classname="company.Area"/>
  <testcase name="company" time="9.619" classname="company.Area">
    <skipped/>
  </testcase> <!-- company -->
  <testcase name="company" time="10.301" classname="company.Area">
    <skipped/>
  </testcase> <!-- company -->
  <testcase name="company" time="19.132" classname="company.Area"/>
  <testcase name="company" time="9.633" classname="company.Area">
    <skipped/>
  </testcase> <!-- company -->
  <testcase name="company" time="18.145" classname="company.Area"/>
  <testcase name="company" time="9.375" classname="company.Area">
    <skipped/>
  </testcase> <!-- company -->
  <testcase name="company" time="9.234" classname="company.Area">
    <skipped/>
  </testcase> <!-- company -->
  <testcase name="company" time="9.290" classname="company.Area">
    <skipped/>
  </testcase> <!-- company -->
  <testcase name="company" time="9.610" classname="company.Area">
    <skipped/>
  </testcase> <!-- company -->
  <testcase name="company" time="9.993" classname="company.Area">
    <skipped/>
  </testcase> <!-- company -->
  <testcase name="company" time="18.701" classname="company.Area"/>
  <testcase name="company" time="9.545" classname="company.Area">
    <skipped/>
  </testcase> <!-- company -->
  <testcase name="company" time="9.431" classname="company.Area">
    <skipped/>
  </testcase> <!-- company -->
  <testcase name="company" time="18.077" classname="company.Area"/>
  <testcase name="company" time="19.143" classname="company.Area"/>
  <testcase name="company" time="9.178" classname="company.Area">
    <skipped/>
  </testcase> <!-- company -->
  <testcase name="company" time="11.014" classname="company.Area">
    <skipped/>
  </testcase> <!-- company -->
  <testcase name="company" time="9.723" classname="company.Area">
    <skipped/>
  </testcase> <!-- company -->
  <testcase name="company" time="9.896" classname="company.Area">
    <skipped/>
  </testcase> <!-- company -->
  <testcase name="company" time="19.457" classname="company.Area"/>
  <testcase name="company" time="19.442" classname="company.Area"/>
  <testcase name="company" time="19.160" classname="company.Area"/>
  <testcase name="company" time="18.435" classname="company.Area"/>
  <testcase name="company" time="9.360" classname="company.Area">
    <skipped/>
  </testcase> <!-- company -->
  <testcase name="company" time="9.271" classname="company.Area">
    <skipped/>
  </testcase> <!-- company -->
  <testcase name="company" time="9.379" classname="company.Area">
    <skipped/>
  </testcase> <!-- company -->
  <testcase name="company" time="19.864" classname="company.Area"/>
  <testcase name="company" time="9.337" classname="company.Area">
    <skipped/>
  </testcase> <!-- company -->
  <testcase name="company" time="18.565" classname="company.Area"/>
  <testcase name="company" time="9.318" classname="company.Area">
    <skipped/>
  </testcase> <!-- company -->
  <testcase name="company" time="9.573" classname="company.Area">
    <skipped/>
  </testcase> <!-- company -->
  <testcase name="company" time="12.171" classname="company.Area">
    <skipped/>
  </testcase> <!-- company -->
  <testcase name="company" time="18.108" classname="company.Area"/>
  <testcase name="company" time="9.145" classname="company.Area">
    <skipped/>
  </testcase> <!-- company -->
  <testcase name="company" time="18.708" classname="company.Area"/>
  <testcase name="company" time="18.873" classname="company.Area"/>
  <testcase name="company" time="9.645" classname="company.Area">
    <skipped/>
  </testcase> <!-- company -->
  <testcase name="company" time="9.265" classname="company.Area">
    <skipped/>
  </testcase> <!-- company -->
  <testcase name="company" time="34.767" classname="company.Area"/>
  <testcase name="company" time="9.356" classname="company.Area">
    <skipped/>
  </testcase> <!-- company -->
  <testcase name="company" time="9.528" classname="company.Area">
    <skipped/>
  </testcase> <!-- company -->
  <testcase name="company" time="10.017" classname="company.Area">
    <skipped/>
  </testcase> <!-- company -->
  <testcase name="company" time="9.486" classname="company.Area">
    <skipped/>
  </testcase> <!-- company -->
  <testcase name="company" time="9.389" classname="company.Area">
    <skipped/>
  </testcase> <!-- company -->
  <testcase name="company" time="9.650" classname="company.Area">
    <skipped/>
  </testcase> <!-- company -->
  <testcase name="company" time="19.176" classname="company.Area"/>
  <testcase name="company" time="9.249" classname="company.Area">
    <skipped/>
  </testcase> <!-- company -->
  <testcase name="company" time="9.666" classname="company.Area">
    <skipped/>
  </testcase> <!-- company -->
  <testcase name="company" time="18.372" classname="company.Area"/>
  <testcase name="company" time="9.286" classname="company.Area">
    <skipped/>
  </testcase> <!-- company -->
  <testcase name="company" time="18.557" classname="company.Area"/>
  <testcase name="company" time="18.764" classname="company.Area"/>
  <testcase name="company" time="18.884" classname="company.Area"/>
  <testcase name="company" time="9.508" classname="company.Area">
    <skipped/>
  </testcase> <!-- company -->
  <testcase name="company" time="21.097" classname="company.Area"/>
  <testcase name="company" time="9.240" classname="company.Area">
    <skipped/>
  </testcase> <!-- company -->
  <testcase name="company" time="17.627" classname="company.Area"/>
  <testcase name="company" time="18.946" classname="company.Area"/>
  <testcase name="company" time="9.611" classname="company.Area">
    <skipped/>
  </testcase> <!-- company -->
  <testcase name="company" time="9.910" classname="company.Area">
    <skipped/>
  </testcase> <!-- company -->
  <testcase name="company" time="10.060" classname="company.Area">
    <skipped/>
  </testcase> <!-- company -->
  <testcase name="company" time="9.356" classname="company.Area">
    <skipped/>
  </testcase> <!-- company -->
  <testcase name="company" time="18.472" classname="company.Area"/>
  <testcase name="company" time="18.964" classname="company.Area"/>
  <testcase name="company" time="9.266" classname="company.Area">
    <skipped/>
  </testcase> <!-- company -->
  <testcase name="company" time="18.705" classname="company.Area"/>
  <testcase name="company" time="9.335" classname="company.Area">
    <skipped/>
  </testcase> <!-- company -->
  <testcase name="company" time="9.493" classname="company.Area">
    <skipped/>
  </testcase> <!-- company -->
  <testcase name="company" time="18.822" classname="company.Area"/>
  <testcase name="company" time="18.647" classname="company.Area"/>
  <testcase name="company" time="18.142" classname="company.Area"/>
  <testcase name="company" time="9.589" classname="company.Area">
    <skipped/>
  </testcase> <!-- company -->
  <testcase name="company" time="9.375" classname="company.Area">
    <skipped/>
  </testcase> <!-- company -->
  <testcase name="company" time="9.456" classname="company.Area">
    <skipped/>
  </testcase> <!-- company -->
  <testcase name="company" time="19.495" classname="company.Area"/>
  <testcase name="company" time="19.059" classname="company.Area"/>
  <testcase name="company" time="10.657" classname="company.Area">
    <skipped/>
  </testcase> <!-- company -->
  <testcase name="company" time="12.314" classname="company.Area">
    <skipped/>
  </testcase> <!-- company -->
  <testcase name="company" time="9.458" classname="company.Area">
    <skipped/>
  </testcase> <!-- company -->
  <testcase name="company" time="18.061" classname="company.Area"/>
  <testcase name="company" time="20.064" classname="company.Area"/>
  <testcase name="company" time="19.056" classname="company.Area"/>
  <testcase name="company" time="18.653" classname="company.Area"/>
  <testcase name="company" time="18.814" classname="company.Area"/>
  <testcase name="company" time="10.015" classname="company.Area">
    <skipped/>
  </testcase> <!-- company -->
  <testcase name="company" time="9.384" classname="company.Area">
    <skipped/>
  </testcase> <!-- company -->
  <testcase name="company" time="19.133" classname="company.Area"/>
  <testcase name="company" time="9.330" classname="company.Area">
    <skipped/>
  </testcase> <!-- company -->
  <testcase name="company" time="9.375" classname="company.Area">
    <skipped/>
  </testcase> <!-- company -->
  <testcase name="company" time="10.555" classname="company.Area">
    <skipped/>
  </testcase> <!-- company -->
  <testcase name="company" time="18.568" classname="company.Area"/>
  <testcase name="company" time="19.136" classname="company.Area"/>
  <testcase name="company" time="18.772" classname="company.Area"/>
  <testcase name="company" time="9.364" classname="company.Area">
    <skipped/>
  </testcase> <!-- company -->
  <testcase name="company" time="19.216" classname="company.Area"/>
  <testcase name="company" time="18.065" classname="company.Area"/>
  <testcase name="company" time="18.799" classname="company.Area"/>
  <testcase name="company" time="9.140" classname="company.Area">
    <skipped/>
  </testcase> <!-- company -->
  <testcase name="company" time="9.943" classname="company.Area">
    <skipped/>
  </testcase> <!-- company -->
  <testcase name="company" time="19.177" classname="company.Area"/>
  <testcase name="company" time="18.981" classname="company.Area"/>
  <testcase name="company" time="19.693" classname="company.Area"/>
  <testcase name="company" time="9.230" classname="company.Area">
    <skipped/>
  </testcase> <!-- company -->
  <testcase name="company" time="9.880" classname="company.Area">
    <skipped/>
  </testcase> <!-- company -->
  <testcase name="company" time="9.180" classname="company.Area">
    <skipped/>
  </testcase> <!-- company -->
  <testcase name="company" time="9.694" classname="company.Area">
    <skipped/>
  </testcase> <!-- company -->
  <testcase name="company" time="20.156" classname="company.Area"/>
  <testcase name="company" time="10.156" classname="company.Area">
    <skipped/>
  </testcase> <!-- company -->
  <testcase name="company" time="9.512" classname="company.Area">
    <skipped/>
  </testcase> <!-- company -->
  <testcase name="company" time="19.161" classname="company.Area"/>
  <testcase name="company" time="19.003" classname="company.Area"/>
  <testcase name="company" time="9.788" classname="company.Area">
    <skipped/>
  </testcase> <!-- company -->
  <testcase name="company" time="18.754" classname="company.Area"/>
  <testcase name="company" time="9.408" classname="company.Area">
    <skipped/>
  </testcase> <!-- company -->
  <testcase name="company" time="18.999" classname="company.Area"/>
  <testcase name="company" time="21.208" classname="company.Area"/>
  <testcase name="company" time="19.268" classname="company.Area"/>
  <testcase name="company" time="9.321" classname="company.Area">
    <skipped/>
  </testcase> <!-- company -->
  <testcase name="company" time="9.589" classname="company.Area">
    <skipped/>
  </testcase> <!-- company -->
  <testcase name="company" time="9.607" classname="company.Area">
    <skipped/>
  </testcase> <!-- company -->
  <testcase name="company" time="18.972" classname="company.Area"/>
  <testcase name="company" time="18.759" classname="company.Area"/>
  <testcase name="company" time="9.528" classname="company.Area">
    <skipped/>
  </testcase> <!-- company -->
  <testcase name="company" time="18.650" classname="company.Area"/>
  <testcase name="company" time="19.382" classname="company.Area"/>
  <testcase name="company" time="9.459" classname="company.Area">
    <skipped/>
  </testcase> <!-- company -->
  <testcase name="company" time="0.000" classname="company.Area">
    <skipped/>
  </testcase> <!-- company -->
  <testcase name="company" time="9.420" classname="company.Area"/>
  <testcase name="company" time="0.000" classname="company.Area">
    <skipped/>
  </testcase> <!-- company -->
  <testcase name="company" time="0.000" classname="company.Area">
    <skipped/>
  </testcase> <!-- company -->
  <testcase name="company" time="8.739" classname="company.Area"/>
  <testcase name="company" time="9.446" classname="company.Area"/>
  <testcase name="company" time="9.332" classname="company.Area"/>
  <testcase name="company" time="0.000" classname="company.Area">
    <skipped/>
  </testcase> <!-- company -->
  <testcase name="company" time="0.000" classname="company.Area">
    <skipped/>
  </testcase> <!-- company -->
  <testcase name="company" time="8.695" classname="company.Area"/>
  <testcase name="company" time="9.829" classname="company.Area"/>
  <testcase name="company" time="9.241" classname="company.Area"/>
  <testcase name="company" time="0.000" classname="company.Area">
    <skipped/>
  </testcase> <!-- company -->
  <testcase name="company" time="9.396" classname="company.Area"/>
  <testcase name="company" time="0.000" classname="company.Area">
    <skipped/>
  </testcase> <!-- company -->
  <testcase name="company" time="9.425" classname="company.Area"/>
  <testcase name="company" time="9.307" classname="company.Area"/>
  <testcase name="company" time="0.000" classname="company.Area">
    <skipped/>
  </testcase> <!-- company -->
  <testcase name="company" time="9.159" classname="company.Area"/>
  <testcase name="company" time="0.000" classname="company.Area">
    <skipped/>
  </testcase> <!-- company -->
  <testcase name="company" time="8.464" classname="company.Area"/>
  <testcase name="company" time="8.461" classname="company.Area"/>
  <testcase name="company" time="0.000" classname="company.Area">
    <skipped/>
  </testcase> <!-- company -->
  <testcase name="company" time="0.000" classname="company.Area">
    <skipped/>
  </testcase> <!-- company -->
  <testcase name="company" time="9.437" classname="company.Area"/>
  <testcase name="company" time="8.266" classname="company.Area"/>
  <testcase name="company" time="0.000" classname="company.Area">
    <skipped/>
  </testcase> <!-- company -->
  <testcase name="company" time="0.000" classname="company.Area">
    <skipped/>
  </testcase> <!-- company -->
  <testcase name="company" time="9.238" classname="company.Area"/>
  <testcase name="company" time="9.390" classname="company.Area"/>
  <testcase name="company" time="9.504" classname="company.Area"/>
  <testcase name="company" time="0.000" classname="company.Area">
    <skipped/>
  </testcase> <!-- company -->
  <testcase name="company" time="9.303" classname="company.Area"/>
  <testcase name="company" time="9.511" classname="company.Area"/>
  <testcase name="company" time="0.000" classname="company.Area">
    <skipped/>
  </testcase> <!-- company -->
  <testcase name="company" time="0.000" classname="company.Area">
    <skipped/>
  </testcase> <!-- company -->
  <testcase name="company" time="0.000" classname="company.Area">
    <skipped/>
  </testcase> <!-- company -->
  <testcase name="company" time="8.626" classname="company.Area"/>
  <testcase name="company" time="8.525" classname="company.Area"/>
  <testcase name="company" time="0.000" classname="company.Area">
    <skipped/>
  </testcase> <!-- company -->
  <testcase name="company" time="9.468" classname="company.Area"/>
  <testcase name="company" time="0.000" classname="company.Area">
    <skipped/>
  </testcase> <!-- company -->
  <testcase name="company" time="9.229" classname="company.Area"/>
  <testcase name="company" time="9.505" classname="company.Area"/>
  <testcase name="company" time="0.000" classname="company.Area">
    <skipped/>
  </testcase> <!-- company -->
  <testcase name="company" time="9.328" classname="company.Area"/>
  <testcase name="company" time="0.000" classname="company.Area">
    <skipped/>
  </testcase> <!-- company -->
  <testcase name="company" time="0.000" classname="company.Area">
    <skipped/>
  </testcase> <!-- company -->
  <testcase name="company" time="0.000" classname="company.Area">
    <skipped/>
  </testcase> <!-- company -->
  <testcase name="company" time="0.000" classname="company.Area">
    <skipped/>
  </testcase> <!-- company -->
  <testcase name="company" time="8.790" classname="company.Area"/>
  <testcase name="company" time="0.000" classname="company.Area">
    <skipped/>
  </testcase> <!-- company -->
  <testcase name="company" time="8.509" classname="company.Area"/>
  <testcase name="company" time="9.406" classname="company.Area"/>
  <testcase name="company" time="0.000" classname="company.Area">
    <skipped/>
  </testcase> <!-- company -->
  <testcase name="company" time="0.000" classname="company.Area">
    <skipped/>
  </testcase> <!-- company -->
  <testcase name="company" time="0.000" classname="company.Area">
    <skipped/>
  </testcase> <!-- company -->
  <testcase name="company" time="0.000" classname="company.Area">
    <skipped/>
  </testcase> <!-- company -->
  <testcase name="company" time="0.000" classname="company.Area">
    <skipped/>
  </testcase> <!-- company -->
  <testcase name="company" time="9.528" classname="company.Area"/>
  <testcase name="company" time="0.000" classname="company.Area">
    <skipped/>
  </testcase> <!-- company -->
  <testcase name="company" time="0.000" classname="company.Area">
    <skipped/>
  </testcase> <!-- company -->
  <testcase name="company" time="0.000" classname="company.Area">
    <skipped/>
  </testcase> <!-- company -->
  <testcase name="company" time="0.000" classname="company.Area">
    <skipped/>
  </testcase> <!-- company -->
  <testcase name="company" time="9.387" classname="company.Area"/>
  <testcase name="company" time="0.000" classname="company.Area">
    <skipped/>
  </testcase> <!-- company -->
  <testcase name="company" time="0.000" classname="company.Area">
    <skipped/>
  </testcase> <!-- company -->
  <testcase name="company" time="0.000" classname="company.Area">
    <skipped/>
  </testcase> <!-- company -->
  <testcase name="company" time="0.000" classname="company.Area">
    <skipped/>
  </testcase> <!-- company -->
  <testcase name="company" time="9.279" classname="company.Area"/>
  <testcase name="company" time="0.000" classname="company.Area">
    <skipped/>
  </testcase> <!-- company -->
  <testcase name="company" time="0.000" classname="company.Area">
    <skipped/>
  </testcase> <!-- company -->
  <testcase name="company" time="8.631" classname="company.Area"/>
  <testcase name="company" time="0.000" classname="company.Area">
    <skipped/>
  </testcase> <!-- company -->
  <testcase name="company" time="0.000" classname="company.Area">
    <skipped/>
  </testcase> <!-- company -->
  <testcase name="company" time="0.000" classname="company.Area">
    <skipped/>
  </testcase> <!-- company -->
  <testcase name="company" time="9.155" classname="company.Area"/>
  <testcase name="company" time="0.000" classname="company.Area">
    <skipped/>
  </testcase> <!-- company -->
  <testcase name="company" time="9.442" classname="company.Area"/>
  <testcase name="company" time="0.000" classname="company.Area">
    <skipped/>
  </testcase> <!-- company -->
  <testcase name="company" time="9.365" classname="company.Area"/>
  <testcase name="company" time="0.000" classname="company.Area">
    <skipped/>
  </testcase> <!-- company -->
  <testcase name="company" time="0.000" classname="company.Area">
    <skipped/>
  </testcase> <!-- company -->
  <testcase name="company" time="0.000" classname="company.Area">
    <skipped/>
  </testcase> <!-- company -->
  <testcase name="company" time="9.144" classname="company.Area"/>
  <testcase name="company" time="9.406" classname="company.Area"/>
  <testcase name="company" time="0.000" classname="company.Area">
    <skipped/>
  </testcase> <!-- company -->
  <testcase name="company" time="0.000" classname="company.Area">
    <skipped/>
  </testcase> <!-- company -->
  <testcase name="company" time="9.629" classname="company.Area"/>
  <testcase name="company" time="9.237" classname="company.Area"/>
  <testcase name="company" time="0.000" classname="company.Area">
    <skipped/>
  </testcase> <!-- company -->
  <testcase name="company" time="0.000" classname="company.Area">
    <skipped/>
  </testcase> <!-- company -->
  <testcase name="company" time="8.627" classname="company.Area"/>
  <testcase name="company" time="8.558" classname="company.Area"/>
  <testcase name="company" time="0.000" classname="company.Area">
    <skipped/>
  </testcase> <!-- company -->
  <testcase name="company" time="0.000" classname="company.Area">
    <skipped/>
  </testcase> <!-- company -->
  <testcase name="company" time="0.000" classname="company.Area">
    <skipped/>
  </testcase> <!-- company -->
  <testcase name="company" time="0.000" classname="company.Area">
    <skipped/>
  </testcase> <!-- company -->
  <testcase name="company" time="0.000" classname="company.Area">
    <skipped/>
  </testcase> <!-- company -->
  <testcase name="company" time="9.407" classname="company.Area"/>
  <testcase name="company" time="9.338" classname="company.Area"/>
  <testcase name="company" time="9.209" classname="company.Area"/>
  <testcase name="company" time="0.000" classname="company.Area">
    <skipped/>
  </testcase> <!-- company -->
  <testcase name="company" time="0.000" classname="company.Area">
    <skipped/>
  </testcase> <!-- company -->
  <testcase name="company" time="0.000" classname="company.Area">
    <skipped/>
  </testcase> <!-- company -->
  <testcase name="company" time="8.603" classname="company.Area"/>
  <testcase name="company" time="0.000" classname="company.Area">
    <skipped/>
  </testcase> <!-- company -->
  <testcase name="company" time="0.000" classname="company.Area">
    <skipped/>
  </testcase> <!-- company -->
  <testcase name="company" time="9.299" classname="company.Area"/>
  <testcase name="company" time="0.000" classname="company.Area">
    <skipped/>
  </testcase> <!-- company -->
  <testcase name="company" time="9.230" classname="company.Area"/>
  <testcase name="company" time="9.522" classname="company.Area"/>
  <testcase name="company" time="9.283" classname="company.Area"/>
  <testcase name="company" time="0.000" classname="company.Area">
    <skipped/>
  </testcase> <!-- company -->
  <testcase name="company" time="0.000" classname="company.Area">
    <skipped/>
  </testcase> <!-- company -->
  <testcase name="company" time="9.348" classname="company.Area"/>
  <testcase name="company" time="9.385" classname="company.Area"/>
  <testcase name="company" time="9.282" classname="company.Area"/>
  <testcase name="company" time="0.000" classname="company.Area">
    <skipped/>
  </testcase> <!-- company -->
  <testcase name="company" time="9.110" classname="company.Area"/>
  <testcase name="company" time="9.526" classname="company.Area"/>
  <testcase name="company" time="9.438" classname="company.Area"/>
  <testcase name="company" time="0.000" classname="company.Area">
    <skipped/>
  </testcase> <!-- company -->
  <testcase name="company" time="0.000" classname="company.Area">
    <skipped/>
  </testcase> <!-- company -->
  <testcase name="company" time="0.000" classname="company.Area">
    <skipped/>
  </testcase> <!-- company -->
  <testcase name="company" time="0.000" classname="company.Area">
    <skipped/>
  </testcase> <!-- company -->
  <testcase name="company" time="0.000" classname="company.Area">
    <skipped/>
  </testcase> <!-- company -->
  <testcase name="company" time="0.000" classname="company.Area">
    <skipped/>
  </testcase> <!-- company -->
  <testcase name="company" time="0.000" classname="company.Area">
    <skipped/>
  </testcase> <!-- company -->
  <testcase name="company" time="0.000" classname="company.Area">
    <skipped/>
  </testcase> <!-- company -->
  <testcase name="company" time="9.548" classname="company.Area"/>
  <testcase name="company" time="9.186" classname="company.Area"/>
  <testcase name="company" time="9.442" classname="company.Area"/>
  <testcase name="company" time="9.335" classname="company.Area"/>
  <testcase name="company" time="0.000" classname="company.Area">
    <skipped/>
  </testcase> <!-- company -->
  <testcase name="company" time="0.000" classname="company.Area">
    <skipped/>
  </testcase> <!-- company -->
  <testcase name="company" time="9.519" classname="company.Area"/>
  <testcase name="company" time="9.300" classname="company.Area"/>
  <testcase name="company" time="0.000" classname="company.Area">
    <skipped/>
  </testcase> <!-- company -->
  <testcase name="company" time="0.000" classname="company.Area">
    <skipped/>
  </testcase> <!-- company -->
  <testcase name="company" time="9.377" classname="company.Area"/>
  <testcase name="company" time="9.438" classname="company.Area"/>
  <testcase name="company" time="0.000" classname="company.Area">
    <skipped/>
  </testcase> <!-- company -->
  <testcase name="company" time="9.525" classname="company.Area"/>
  <testcase name="company" time="9.629" classname="company.Area"/>
  <testcase name="company" time="9.103" classname="company.Area"/>
  <testcase name="company" time="9.283" classname="company.Area"/>
  <testcase name="company" time="0.000" classname="company.Area">
    <skipped/>
  </testcase> <!-- company -->
  <testcase name="company" time="0.000" classname="company.Area">
    <skipped/>
  </testcase> <!-- company -->
  <testcase name="company" time="0.000" classname="company.Area">
    <skipped/>
  </testcase> <!-- company -->
  <testcase name="company" time="0.000" classname="company.Area">
    <skipped/>
  </testcase> <!-- company -->
  <testcase name="company" time="8.640" classname="company.Area"/>
  <testcase name="company" time="9.187" classname="company.Area"/>
  <testcase name="company" time="0.000" classname="company.Area">
    <skipped/>
  </testcase> <!-- company -->
  <testcase name="company" time="9.413" classname="company.Area"/>
  <testcase name="company" time="0.000" classname="company.Area">
    <skipped/>
  </testcase> <!-- company -->
  <testcase name="company" time="9.165" classname="company.Area"/>
  <testcase name="company" time="0.000" classname="company.Area">
    <skipped/>
  </testcase> <!-- company -->
  <testcase name="company" time="0.000" classname="company.Area">
    <skipped/>
  </testcase> <!-- company -->
  <testcase name="company" time="0.000" classname="company.Area">
    <skipped/>
  </testcase> <!-- company -->
  <testcase name="company" time="0.000" classname="company.Area">
    <skipped/>
  </testcase> <!-- company -->
  <testcase name="company" time="9.332" classname="company.Area"/>
  <testcase name="company" time="0.000" classname="company.Area">
    <skipped/>
  </testcase> <!-- company -->
  <testcase name="company" time="0.000" classname="company.Area">
    <skipped/>
  </testcase> <!-- company -->
  <testcase name="company" time="0.000" classname="company.Area">
    <skipped/>
  </testcase> <!-- company -->
  <testcase name="company" time="0.000" classname="company.Area">
    <skipped/>
  </testcase> <!-- company -->
  <testcase name="company" time="0.000" classname="company.Area">
    <skipped/>
  </testcase> <!-- company -->
  <testcase name="company" time="9.429" classname="company.Area"/>
  <testcase name="company" time="9.362" classname="company.Area"/>
  <testcase name="company" time="0.000" classname="company.Area">
    <skipped/>
  </testcase> <!-- company -->
  <testcase name="company" time="9.331" classname="company.Area"/>
  <testcase name="company" time="0.000" classname="company.Area">
    <skipped/>
  </testcase> <!-- company -->
  <testcase name="company" time="0.000" classname="company.Area">
    <skipped/>
  </testcase> <!-- company -->
  <testcase name="company" time="0.000" classname="company.Area">
    <skipped/>
  </testcase> <!-- company -->
  <testcase name="company" time="0.000" classname="company.Area">
    <skipped/>
  </testcase> <!-- company -->
  <testcase name="company" time="9.192" classname="company.Area"/>
  <testcase name="company" time="0.000" classname="company.Area">
    <skipped/>
  </testcase> <!-- company -->
  <testcase name="company" time="9.412" classname="company.Area"/>
  <testcase name="company" time="0.000" classname="company.Area">
    <skipped/>
  </testcase> <!-- company -->
  <testcase name="company" time="0.000" classname="company.Area">
    <skipped/>
  </testcase> <!-- company -->
  <testcase name="company" time="0.000" classname="company.Area">
    <skipped/>
  </testcase> <!-- company -->
  <testcase name="company" time="9.287" classname="company.Area"/>
  <testcase name="company" time="0.000" classname="company.Area">
    <skipped/>
  </testcase> <!-- company -->
  <testcase name="company" time="9.193" classname="company.Area"/>
  <testcase name="company" time="0.000" classname="company.Area">
    <skipped/>
  </testcase> <!-- company -->
  <testcase name="company" time="0.000" classname="company.Area">
    <skipped/>
  </testcase> <!-- company -->
  <testcase name="company" time="9.409" classname="company.Area"/>
  <testcase name="company" time="0.000" classname="company.Area">
    <skipped/>
  </testcase> <!-- company -->
  <testcase name="company" time="0.000" classname="company.Area">
    <skipped/>
  </testcase> <!-- company -->
  <testcase name="company" time="0.000" classname="company.Area">
    <skipped/>
  </testcase> <!-- company -->
  <testcase name="company" time="9.514" classname="company.Area"/>
  <testcase name="company" time="0.000" classname="company.Area">
    <skipped/>
  </testcase> <!-- company -->
  <testcase name="company" time="9.361" classname="company.Area"/>
  <testcase name="company" time="0.000" classname="company.Area">
    <skipped/>
  </testcase> <!-- company -->
  <testcase name="company" time="0.000" classname="company.Area">
    <skipped/>
  </testcase> <!-- company -->
  <testcase name="company" time="9.413" classname="company.Area"/>
  <testcase name="company" time="8.643" classname="company.Area"/>
  <testcase name="company" time="9.239" classname="company.Area"/>
  <testcase name="company" time="0.000" classname="company.Area">
    <skipped/>
  </testcase> <!-- company -->
  <testcase name="company" time="8.802" classname="company.Area"/>
  <testcase name="company" time="0.000" classname="company.Area">
    <skipped/>
  </testcase> <!-- company -->
  <testcase name="company" time="9.353" classname="company.Area"/>
  <testcase name="company" time="0.000" classname="company.Area">
    <skipped/>
  </testcase> <!-- company -->
  <testcase name="company" time="0.000" classname="company.Area">
    <skipped/>
  </testcase> <!-- company -->
  <testcase name="company" time="0.000" classname="company.Area">
    <skipped/>
  </testcase> <!-- company -->
  <testcase name="company" time="0.000" classname="company.Area">
    <skipped/>
  </testcase> <!-- company -->
  <testcase name="company" time="0.000" classname="company.Area">
    <skipped/>
  </testcase> <!-- company -->
  <testcase name="company" time="0.000" classname="company.Area">
    <skipped/>
  </testcase> <!-- company -->
  <testcase name="company" time="9.366" classname="company.Area"/>
  <testcase name="company" time="0.000" classname="company.Area">
    <skipped/>
  </testcase> <!-- company -->
  <testcase name="company" time="0.000" classname="company.Area">
    <skipped/>
  </testcase> <!-- company -->
  <testcase name="company" time="0.000" classname="company.Area">
    <skipped/>
  </testcase> <!-- company -->
  <testcase name="company" time="0.000" classname="company.Area">
    <skipped/>
  </testcase> <!-- company -->
  <testcase name="company" time="9.472" classname="company.Area"/>
  <testcase name="company" time="0.000" classname="company.Area">
    <skipped/>
  </testcase> <!-- company -->
  <testcase name="company" time="9.247" classname="company.Area"/>
  <testcase name="company" time="0.000" classname="company.Area">
    <skipped/>
  </testcase> <!-- company -->
  <testcase name="company" time="9.486" classname="company.Area"/>
  <testcase name="company" time="0.000" classname="company.Area">
    <skipped/>
  </testcase> <!-- company -->
  <testcase name="company" time="0.000" classname="company.Area">
    <skipped/>
  </testcase> <!-- company -->
  <testcase name="company" time="9.400" classname="company.Area"/>
  <testcase name="company" time="0.000" classname="company.Area">
    <skipped/>
  </testcase> <!-- company -->
  <testcase name="company" time="8.548" classname="company.Area"/>
  <testcase name="company" time="9.410" classname="company.Area"/>
  <testcase name="company" time="0.000" classname="company.Area">
    <skipped/>
  </testcase> <!-- company -->
  <testcase name="company" time="0.000" classname="company.Area">
    <skipped/>
  </testcase> <!-- company -->
  <testcase name="company" time="9.408" classname="company.Area"/>
  <testcase name="company" time="0.000" classname="company.Area">
    <skipped/>
  </testcase> <!-- company -->
  <testcase name="company" time="9.256" classname="company.Area"/>
  <testcase name="company" time="0.000" classname="company.Area">
    <skipped/>
  </testcase> <!-- company -->
  <testcase name="company" time="9.113" classname="company.Area"/>
  <testcase name="company" time="9.273" classname="company.Area"/>
  <testcase name="company" time="0.000" classname="company.Area">
    <skipped/>
  </testcase> <!-- company -->
  <testcase name="company" time="0.000" classname="company.Area">
    <skipped/>
  </testcase> <!-- company -->
  <testcase name="company" time="8.565" classname="company.Area"/>
  <testcase name="company" time="0.000" classname="company.Area">
    <skipped/>
  </testcase> <!-- company -->
  <testcase name="company" time="0.000" classname="company.Area">
    <skipped/>
  </testcase> <!-- company -->
  <testcase name="company" time="0.000" classname="company.Area">
    <skipped/>
  </testcase> <!-- company -->
  <testcase name="company" time="0.000" classname="company.Area">
    <skipped/>
  </testcase> <!-- company -->
  <testcase name="company" time="0.000" classname="company.Area">
    <skipped/>
  </testcase> <!-- company -->
  <testcase name="company" time="9.272" classname="company.Area"/>
  <testcase name="company" time="9.100" classname="company.Area"/>
  <testcase name="company" time="9.379" classname="company.Area"/>
  <testcase name="company" time="9.344" classname="company.Area"/>
  <testcase name="company" time="0.000" classname="company.Area">
    <skipped/>
  </testcase> <!-- company -->
  <testcase name="company" time="9.399" classname="company.Area"/>
  <testcase name="company" time="0.000" classname="company.Area">
    <skipped/>
  </testcase> <!-- company -->
  <testcase name="company" time="0.000" classname="company.Area">
    <skipped/>
  </testcase> <!-- company -->
  <testcase name="company" time="0.000" classname="company.Area">
    <skipped/>
  </testcase> <!-- company -->
  <testcase name="company" time="9.422" classname="company.Area"/>
  <testcase name="company" time="0.000" classname="company.Area">
    <skipped/>
  </testcase> <!-- company -->
  <testcase name="company" time="0.000" classname="company.Area">
    <skipped/>
  </testcase> <!-- company -->
  <testcase name="company" time="9.266" classname="company.Area"/>
  <testcase name="company" time="0.000" classname="company.Area">
    <skipped/>
  </testcase> <!-- company -->
  <testcase name="company" time="0.000" classname="company.Area">
    <skipped/>
  </testcase> <!-- company -->
  <testcase name="company" time="0.000" classname="company.Area">
    <skipped/>
  </testcase> <!-- company -->
  <testcase name="company" time="0.000" classname="company.Area">
    <skipped/>
  </testcase> <!-- company -->
  <testcase name="company" time="9.403" classname="company.Area"/>
  <testcase name="company" time="0.000" classname="company.Area">
    <skipped/>
  </testcase> <!-- company -->
  <testcase name="company" time="0.000" classname="company.Area">
    <skipped/>
  </testcase> <!-- company -->
  <testcase name="company" time="0.000" classname="company.Area">
    <skipped/>
  </testcase> <!-- company -->
  <testcase name="company" time="9.329" classname="company.Area"/>
  <testcase name="company" time="0.000" classname="company.Area">
    <skipped/>
  </testcase> <!-- company -->
  <testcase name="company" time="0.000" classname="company.Area">
    <skipped/>
  </testcase> <!-- company -->
  <testcase name="company" time="9.275" classname="company.Area"/>
  <testcase name="company" time="0.000" classname="company.Area">
    <skipped/>
  </testcase> <!-- company -->
  <testcase name="company" time="0.000" classname="company.Area">
    <skipped/>
  </testcase> <!-- company -->
  <testcase name="company" time="0.000" classname="company.Area">
    <skipped/>
  </testcase> <!-- company -->
  <testcase name="company" time="0.000" classname="company.Area">
    <skipped/>
  </testcase> <!-- company -->
  <testcase name="company" time="0.000" classname="company.Area">
    <skipped/>
  </testcase> <!-- company -->
  <testcase name="company" time="9.124" classname="company.Area"/>
  <testcase name="company" time="9.218" classname="company.Area"/>
  <testcase name="company" time="8.610" classname="company.Area"/>
  <testcase name="company" time="0.000" classname="company.Area">
    <skipped/>
  </testcase> <!-- company -->
  <testcase name="company" time="0.000" classname="company.Area">
    <skipped/>
  </testcase> <!-- company -->
  <testcase name="company" time="0.000" classname="company.Area">
    <skipped/>
  </testcase> <!-- company -->
  <testcase name="company" time="9.549" classname="company.Area"/>
  <testcase name="company" time="0.000" classname="company.Area">
    <skipped/>
  </testcase> <!-- company -->
  <testcase name="company" time="0.000" classname="company.Area">
    <skipped/>
  </testcase> <!-- company -->
  <testcase name="company" time="9.319" classname="company.Area"/>
  <testcase name="company" time="9.339" classname="company.Area"/>
  <testcase name="company" time="0.000" classname="company.Area">
    <skipped/>
  </testcase> <!-- company -->
  <testcase name="company" time="9.395" classname="company.Area"/>
  <testcase name="start" time="9.588" classname="company.Area">
    <error type="org.openqa.selenium.WebDriverException" message="unknown error: failed to change window state to maximized, current state is normal
  (Session info: chrome=69.0.3497.100)
  (Driver info: chromedriver=2.37.544315 (730aa6a5fdba159ac9f4c1e8cbc59bf1b5ce12b7),platform=Linux 4.4.0-154-generic x86_64) (WARNING: The server did not provide any stacktrace information)
Command duration or timeout: 0 milliseconds
Build info: version: &#039;3.7.1&#039;, revision: &#039;8a0099a&#039;, time: &#039;2017-11-06T21:01:39.354Z&#039;
System info: host: &#039;sbv6-Vostro-3268&#039;, ip: &#039;127.0.1.1&#039;, os.name: &#039;Linux&#039;, os.arch: &#039;amd64&#039;, os.version: &#039;4.4.0-154-generic&#039;, java.version: &#039;1.8.0_212&#039;
Driver info: org.openqa.selenium.chrome.ChromeDriver
Capabilities {acceptInsecureCerts: false, acceptSslCerts: false, applicationCacheEnabled: false, browserConnectionEnabled: false, browserName: chrome, chrome: {chromedriverVersion: 2.37.544315 (730aa6a5fdba15..., userDataDir: /tmp/.org.chromium.Chromium...}, cssSelectorsEnabled: true, databaseEnabled: false, handlesAlerts: true, hasTouchScreen: false, javascriptEnabled: true, locationContextEnabled: true, mobileEmulationEnabled: false, nativeEvents: true, networkConnectionEnabled: false, pageLoadStrategy: normal, platform: LINUX, platformName: LINUX, rotatable: false, setWindowRect: true, takesHeapSnapshot: true, takesScreenshot: true, unexpectedAlertBehaviour: , unhandledPromptBehavior: , version: 69.0.3497.100, webStorageEnabled: true}
Session ID: ccccceaa74c81b204141ba95f2c23e77">
      <![CDATA[org.openqa.selenium.WebDriverException: unknown error: failed to change window state to maximized, current state is normal
  (Session info: chrome=69.0.3497.100)
  (Driver info: chromedriver=2.37.544315 (730aa6a5fdba159ac9f4c1e8cbc59bf1b5ce12b7),platform=Linux 4.4.0-154-generic x86_64) (WARNING: The server did not provide any stacktrace information)
Command duration or timeout: 0 milliseconds
Build info: version: '3.7.1', revision: '8a0099a', time: '2017-11-06T21:01:39.354Z'
System info: host: 'sbv6-Vostro-3268', ip: '127.0.1.1', os.name: 'Linux', os.arch: 'amd64', os.version: '4.4.0-154-generic', java.version: '1.8.0_212'
Driver info: org.openqa.selenium.chrome.ChromeDriver
Capabilities {acceptInsecureCerts: false, acceptSslCerts: false, applicationCacheEnabled: false, browserConnectionEnabled: false, browserName: chrome, chrome: {chromedriverVersion: 2.37.544315 (730aa6a5fdba15..., userDataDir: /tmp/.org.chromium.Chromium...}, cssSelectorsEnabled: true, databaseEnabled: false, handlesAlerts: true, hasTouchScreen: false, javascriptEnabled: true, locationContextEnabled: true, mobileEmulationEnabled: false, nativeEvents: true, networkConnectionEnabled: false, pageLoadStrategy: normal, platform: LINUX, platformName: LINUX, rotatable: false, setWindowRect: true, takesHeapSnapshot: true, takesScreenshot: true, unexpectedAlertBehaviour: , unhandledPromptBehavior: , version: 69.0.3497.100, webStorageEnabled: true}
Session ID: ccccceaa74c81b204141ba95f2c23e77
	at sun.reflect.NativeConstructorAccessorImpl.newInstance0(Native Method)
	at sun.reflect.NativeConstructorAccessorImpl.newInstance(NativeConstructorAccessorImpl.java:62)
	at sun.reflect.DelegatingConstructorAccessorImpl.newInstance(DelegatingConstructorAccessorImpl.java:45)
	at java.lang.reflect.Constructor.newInstance(Constructor.java:423)
	at org.openqa.selenium.remote.ErrorHandler.createThrowable(ErrorHandler.java:214)
	at org.openqa.selenium.remote.ErrorHandler.throwIfResponseFailed(ErrorHandler.java:166)
	at org.openqa.selenium.remote.http.JsonHttpResponseCodec.reconstructValue(JsonHttpResponseCodec.java:40)
	at org.openqa.selenium.remote.http.AbstractHttpResponseCodec.decode(AbstractHttpResponseCodec.java:80)
	at org.openqa.selenium.remote.http.AbstractHttpResponseCodec.decode(AbstractHttpResponseCodec.java:44)
	at org.openqa.selenium.remote.HttpCommandExecutor.execute(HttpCommandExecutor.java:164)
	at org.openqa.selenium.remote.service.DriverCommandExecutor.execute(DriverCommandExecutor.java:83)
	at org.openqa.selenium.remote.RemoteWebDriver.execute(RemoteWebDriver.java:600)
	at org.openqa.selenium.remote.RemoteWebDriver.execute(RemoteWebDriver.java:657)
	at org.openqa.selenium.remote.RemoteWebDriver$RemoteWebDriverOptions$RemoteWindow.maximize(RemoteWebDriver.java:891)
	at company.AreaBase.start(AreaBase.java:21)
	at sun.reflect.GeneratedMethodAccessor1.invoke(Unknown Source)
	at sun.reflect.DelegatingMethodAccessorImpl.invoke(DelegatingMethodAccessorImpl.java:43)
	at java.lang.reflect.Method.invoke(Method.java:498)
	at org.testng.internal.MethodInvocationHelper.invokeMethod(MethodInvocationHelper.java:108)
	at org.testng.internal.Invoker.invokeConfigurationMethod(Invoker.java:523)
	at org.testng.internal.Invoker.invokeConfigurations(Invoker.java:224)
	at org.testng.internal.Invoker.invokeMethod(Invoker.java:599)
	at org.testng.internal.Invoker.invokeTestMethod(Invoker.java:869)
	at org.testng.internal.Invoker.invokeTestMethods(Invoker.java:1193)
	at org.testng.internal.TestMethodWorker.invokeTestMethods(TestMethodWorker.java:126)
	at org.testng.internal.TestMethodWorker.run(TestMethodWorker.java:109)
	at org.testng.TestRunner.privateRun(TestRunner.java:744)
	at org.testng.TestRunner.run(TestRunner.java:602)
	at org.testng.SuiteRunner.runTest(SuiteRunner.java:380)
	at org.testng.SuiteRunner.runSequentially(SuiteRunner.java:375)
	at org.testng.SuiteRunner.privateRun(SuiteRunner.java:340)
	at org.testng.SuiteRunner.run(SuiteRunner.java:289)
	at org.testng.SuiteRunnerWorker.runSuite(SuiteRunnerWorker.java:52)
	at org.testng.SuiteRunnerWorker.run(SuiteRunnerWorker.java:86)
	at org.testng.TestNG.runSuitesSequentially(TestNG.java:1301)
	at org.testng.TestNG.runSuitesLocally(TestNG.java:1226)
	at org.testng.TestNG.runSuites(TestNG.java:1144)
	at org.testng.TestNG.run(TestNG.java:1115)
	at org.testng.remote.AbstractRemoteTestNG.run(AbstractRemoteTestNG.java:114)
	at org.testng.remote.RemoteTestNG.initAndRun(RemoteTestNG.java:251)
	at org.testng.remote.RemoteTestNG.main(RemoteTestNG.java:77)
]]>
    </error>
  </testcase> <!-- start -->
  <testcase name="company" time="0.000" classname="company.Area">
    <skipped/>
  </testcase> <!-- company -->
  <testcase name="company" time="9.217" classname="company.Area"/>
  <testcase name="company" time="0.000" classname="company.Area">
    <skipped/>
  </testcase> <!-- company -->
  <testcase name="company" time="9.208" classname="company.Area"/>
  <testcase name="company" time="9.394" classname="company.Area"/>
  <testcase name="company" time="0.000" classname="company.Area">
    <skipped/>
  </testcase> <!-- company -->
  <testcase name="company" time="0.000" classname="company.Area">
    <skipped/>
  </testcase> <!-- company -->
  <testcase name="company" time="0.000" classname="company.Area">
    <skipped/>
  </testcase> <!-- company -->
  <testcase name="company" time="8.485" classname="company.Area"/>
  <testcase name="company" time="9.444" classname="company.Area"/>
  <testcase name="company" time="9.459" classname="company.Area"/>
  <testcase name="company" time="0.000" classname="company.Area">
    <skipped/>
  </testcase> <!-- company -->
  <testcase name="company" time="9.167" classname="company.Area"/>
  <testcase name="company" time="9.166" classname="company.Area"/>
  <testcase name="company" time="9.282" classname="company.Area"/>
  <testcase name="company" time="9.269" classname="company.Area"/>
  <testcase name="company" time="9.326" classname="company.Area"/>
  <testcase name="company" time="0.000" classname="company.Area">
    <skipped/>
  </testcase> <!-- company -->
  <testcase name="company" time="8.465" classname="company.Area"/>
  <testcase name="company" time="9.581" classname="company.Area"/>
  <testcase name="company" time="9.478" classname="company.Area"/>
  <testcase name="company" time="0.000" classname="company.Area">
    <skipped/>
  </testcase> <!-- company -->
  <testcase name="company" time="9.361" classname="company.Area"/>
  <testcase name="company" time="0.000" classname="company.Area">
    <skipped/>
  </testcase> <!-- company -->
  <testcase name="company" time="9.242" classname="company.Area"/>
  <testcase name="company" time="9.298" classname="company.Area"/>
  <testcase name="company" time="9.437" classname="company.Area"/>
  <testcase name="company" time="9.400" classname="company.Area"/>
  <testcase name="company" time="0.000" classname="company.Area">
    <skipped/>
  </testcase> <!-- company -->
  <testcase name="company" time="0.000" classname="company.Area">
    <skipped/>
  </testcase> <!-- company -->
  <testcase name="company" time="0.000" classname="company.Area">
    <skipped/>
  </testcase> <!-- company -->
  <testcase name="company" time="0.000" classname="company.Area">
    <skipped/>
  </testcase> <!-- company -->
  <testcase name="company" time="0.000" classname="company.Area">
    <skipped/>
  </testcase> <!-- company -->
  <testcase name="company" time="9.404" classname="company.Area"/>
  <testcase name="company" time="0.000" classname="company.Area">
    <skipped/>
  </testcase> <!-- company -->
  <testcase name="company" time="0.000" classname="company.Area">
    <skipped/>
  </testcase> <!-- company -->
  <testcase name="company" time="9.356" classname="company.Area"/>
  <testcase name="company" time="0.000" classname="company.Area">
    <skipped/>
  </testcase> <!-- company -->
  <testcase name="company" time="9.386" classname="company.Area"/>
  <testcase name="company" time="0.000" classname="company.Area">
    <skipped/>
  </testcase> <!-- company -->
  <testcase name="company" time="9.304" classname="company.Area"/>
  <testcase name="company" time="9.249" classname="company.Area"/>
  <testcase name="company" time="9.449" classname="company.Area"/>
  <testcase name="company" time="0.000" classname="company.Area">
    <skipped/>
  </testcase> <!-- company -->
  <testcase name="company" time="0.000" classname="company.Area">
    <skipped/>
  </testcase> <!-- company -->
  <testcase name="company" time="9.427" classname="company.Area"/>
  <testcase name="company" time="0.000" classname="company.Area">
    <skipped/>
  </testcase> <!-- company -->
  <testcase name="company" time="0.000" classname="company.Area">
    <skipped/>
  </testcase> <!-- company -->
  <testcase name="company" time="0.000" classname="company.Area">
    <skipped/>
  </testcase> <!-- company -->
  <testcase name="company" time="8.737" classname="company.Area"/>
  <testcase name="company" time="0.000" classname="company.Area">
    <skipped/>
  </testcase> <!-- company -->
  <testcase name="company" time="0.000" classname="company.Area">
    <skipped/>
  </testcase> <!-- company -->
  <testcase name="company" time="0.000" classname="company.Area">
    <skipped/>
  </testcase> <!-- company -->
  <testcase name="company" time="0.000" classname="company.Area">
    <skipped/>
  </testcase> <!-- company -->
  <testcase name="company" time="9.479" classname="company.Area"/>
  <testcase name="company" time="9.418" classname="company.Area"/>
  <testcase name="company" time="0.000" classname="company.Area">
    <skipped/>
  </testcase> <!-- company -->
  <testcase name="company" time="0.000" classname="company.Area">
    <skipped/>
  </testcase> <!-- company -->
  <testcase name="company" time="0.000" classname="company.Area">
    <skipped/>
  </testcase> <!-- company -->
  <testcase name="company" time="0.000" classname="company.Area">
    <skipped/>
  </testcase> <!-- company -->
  <testcase name="company" time="9.510" classname="company.Area"/>
  <testcase name="company" time="9.319" classname="company.Area"/>
  <testcase name="company" time="0.000" classname="company.Area">
    <skipped/>
  </testcase> <!-- company -->
  <testcase name="company" time="0.000" classname="company.Area">
    <skipped/>
  </testcase> <!-- company -->
  <testcase name="company" time="8.580" classname="company.Area"/>
  <testcase name="company" time="9.242" classname="company.Area"/>
  <testcase name="company" time="0.000" classname="company.Area">
    <skipped/>
  </testcase> <!-- company -->
  <testcase name="company" time="9.337" classname="company.Area"/>
  <testcase name="company" time="9.430" classname="company.Area"/>
  <testcase name="company" time="9.442" classname="company.Area"/>
  <testcase name="company" time="8.604" classname="company.Area"/>
  <testcase name="company" time="9.338" classname="company.Area"/>
  <testcase name="company" time="0.000" classname="company.Area">
    <skipped/>
  </testcase> <!-- company -->
  <testcase name="company" time="0.000" classname="company.Area">
    <skipped/>
  </testcase> <!-- company -->
  <testcase name="company" time="0.000" classname="company.Area">
    <skipped/>
  </testcase> <!-- company -->
  <testcase name="company" time="9.489" classname="company.Area"/>
  <testcase name="company" time="9.693" classname="company.Area"/>
  <testcase name="company" time="9.203" classname="company.Area"/>
  <testcase name="company" time="0.000" classname="company.Area">
    <skipped/>
  </testcase> <!-- company -->
  <testcase name="company" time="8.850" classname="company.Area"/>
  <testcase name="company" time="0.000" classname="company.Area">
    <skipped/>
  </testcase> <!-- company -->
  <testcase name="company" time="9.460" classname="company.Area"/>
  <testcase name="company" time="0.000" classname="company.Area">
    <skipped/>
  </testcase> <!-- company -->
  <testcase name="company" time="0.000" classname="company.Area">
    <skipped/>
  </testcase> <!-- company -->
  <testcase name="company" time="0.000" classname="company.Area">
    <skipped/>
  </testcase> <!-- company -->
  <testcase name="company" time="0.000" classname="company.Area">
    <skipped/>
  </testcase> <!-- company -->
  <testcase name="company" time="0.000" classname="company.Area">
    <skipped/>
  </testcase> <!-- company -->
  <testcase name="company" time="0.000" classname="company.Area">
    <skipped/>
  </testcase> <!-- company -->
  <testcase name="company" time="9.267" classname="company.Area"/>
  <testcase name="company" time="0.000" classname="company.Area">
    <skipped/>
  </testcase> <!-- company -->
  <testcase name="company" time="9.394" classname="company.Area"/>
  <testcase name="company" time="0.000" classname="company.Area">
    <skipped/>
  </testcase> <!-- company -->
  <testcase name="company" time="9.584" classname="company.Area"/>
  <testcase name="company" time="0.000" classname="company.Area">
    <skipped/>
  </testcase> <!-- company -->
  <testcase name="company" time="8.991" classname="company.Area"/>
  <testcase name="company" time="9.353" classname="company.Area"/>
  <testcase name="company" time="0.000" classname="company.Area">
    <skipped/>
  </testcase> <!-- company -->
  <testcase name="company" time="0.000" classname="company.Area">
    <skipped/>
  </testcase> <!-- company -->
  <testcase name="company" time="9.381" classname="company.Area"/>
  <testcase name="company" time="0.000" classname="company.Area">
    <skipped/>
  </testcase> <!-- company -->
  <testcase name="company" time="9.009" classname="company.Area"/>
  <testcase name="company" time="0.000" classname="company.Area">
    <skipped/>
  </testcase> <!-- company -->
  <testcase name="company" time="0.000" classname="company.Area">
    <skipped/>
  </testcase> <!-- company -->
  <testcase name="company" time="9.471" classname="company.Area"/>
  <testcase name="company" time="0.000" classname="company.Area">
    <skipped/>
  </testcase> <!-- company -->
  <testcase name="company" time="8.644" classname="company.Area"/>
  <testcase name="company" time="0.000" classname="company.Area">
    <skipped/>
  </testcase> <!-- company -->
  <testcase name="company" time="0.000" classname="company.Area">
    <skipped/>
  </testcase> <!-- company -->
  <testcase name="company" time="9.328" classname="company.Area"/>
  <testcase name="company" time="9.263" classname="company.Area"/>
  <testcase name="company" time="0.000" classname="company.Area">
    <skipped/>
  </testcase> <!-- company -->
  <testcase name="company" time="0.000" classname="company.Area">
    <skipped/>
  </testcase> <!-- company -->
  <testcase name="company" time="9.388" classname="company.Area"/>
  <testcase name="company" time="0.000" classname="company.Area">
    <skipped/>
  </testcase> <!-- company -->
  <testcase name="company" time="0.000" classname="company.Area">
    <skipped/>
  </testcase> <!-- company -->
  <testcase name="company" time="0.000" classname="company.Area">
    <skipped/>
  </testcase> <!-- company -->
  <testcase name="company" time="0.000" classname="company.Area">
    <skipped/>
  </testcase> <!-- company -->
  <testcase name="company" time="9.476" classname="company.Area"/>
  <testcase name="company" time="9.473" classname="company.Area"/>
  <testcase name="company" time="0.000" classname="company.Area">
    <skipped/>
  </testcase> <!-- company -->
  <testcase name="company" time="0.000" classname="company.Area">
    <skipped/>
  </testcase> <!-- company -->
  <testcase name="company" time="9.371" classname="company.Area"/>
  <testcase name="company" time="0.000" classname="company.Area">
    <skipped/>
  </testcase> <!-- company -->
  <testcase name="company" time="0.000" classname="company.Area">
    <skipped/>
  </testcase> <!-- company -->
  <testcase name="company" time="0.002" classname="company.Area">
    <skipped/>
  </testcase> <!-- company -->
  <testcase name="company" time="0.000" classname="company.Area">
    <skipped/>
  </testcase> <!-- company -->
  <testcase name="company" time="0.000" classname="company.Area">
    <skipped/>
  </testcase> <!-- company -->
  <testcase name="company" time="0.000" classname="company.Area">
    <skipped/>
  </testcase> <!-- company -->
  <testcase name="company" time="9.364" classname="company.Area"/>
  <testcase name="company" time="0.000" classname="company.Area">
    <skipped/>
  </testcase> <!-- company -->
  <testcase name="company" time="8.734" classname="company.Area"/>
  <testcase name="company" time="9.098" classname="company.Area"/>
</testsuite> <!-- company.Area -->
