<?xml version="1.0" encoding="UTF-8"?>
<!-- Generated by org.testng.reporters.JUnitReportReporter -->
<testsuite skipped="0" hostname="sbv6-Vostro-3268" name="company.ApplicationReg" tests="98" failures="0" timestamp="07 Jun 2019 05:36:29 GMT" time="1641.175" errors="0">
  <testcase name="reg" time="20.554" classname="company.ApplicationReg"/>
  <testcase name="reg" time="15.713" classname="company.ApplicationReg"/>
  <testcase name="reg" time="19.884" classname="company.ApplicationReg"/>
  <testcase name="reg" time="15.327" classname="company.ApplicationReg"/>
  <testcase name="reg" time="23.692" classname="company.ApplicationReg"/>
  <testcase name="reg" time="15.278" classname="company.ApplicationReg"/>
  <testcase name="reg" time="15.681" classname="company.ApplicationReg"/>
  <testcase name="reg" time="14.803" classname="company.ApplicationReg"/>
  <testcase name="reg" time="15.110" classname="company.ApplicationReg"/>
  <testcase name="reg" time="15.690" classname="company.ApplicationReg"/>
  <testcase name="reg" time="15.278" classname="company.ApplicationReg"/>
  <testcase name="reg" time="18.642" classname="company.ApplicationReg"/>
  <testcase name="reg" time="19.293" classname="company.ApplicationReg"/>
  <testcase name="reg" time="15.143" classname="company.ApplicationReg"/>
  <testcase name="reg" time="15.619" classname="company.ApplicationReg"/>
  <testcase name="reg" time="18.658" classname="company.ApplicationReg"/>
  <testcase name="reg" time="15.073" classname="company.ApplicationReg"/>
  <testcase name="reg" time="14.910" classname="company.ApplicationReg"/>
  <testcase name="reg" time="27.953" classname="company.ApplicationReg"/>
  <testcase name="reg" time="15.351" classname="company.ApplicationReg"/>
  <testcase name="reg" time="15.036" classname="company.ApplicationReg"/>
  <testcase name="reg" time="15.905" classname="company.ApplicationReg"/>
  <testcase name="reg" time="16.628" classname="company.ApplicationReg"/>
  <testcase name="reg" time="18.966" classname="company.ApplicationReg"/>
  <testcase name="reg" time="19.439" classname="company.ApplicationReg"/>
  <testcase name="reg" time="15.117" classname="company.ApplicationReg"/>
  <testcase name="reg" time="15.153" classname="company.ApplicationReg"/>
  <testcase name="reg" time="15.316" classname="company.ApplicationReg"/>
  <testcase name="reg" time="15.322" classname="company.ApplicationReg"/>
  <testcase name="reg" time="15.110" classname="company.ApplicationReg"/>
  <testcase name="reg" time="15.149" classname="company.ApplicationReg"/>
  <testcase name="reg" time="16.187" classname="company.ApplicationReg"/>
  <testcase name="reg" time="22.063" classname="company.ApplicationReg"/>
  <testcase name="reg" time="18.273" classname="company.ApplicationReg"/>
  <testcase name="reg" time="15.737" classname="company.ApplicationReg"/>
  <testcase name="reg" time="15.549" classname="company.ApplicationReg"/>
  <testcase name="reg" time="17.230" classname="company.ApplicationReg"/>
  <testcase name="reg" time="19.384" classname="company.ApplicationReg"/>
  <testcase name="reg" time="15.395" classname="company.ApplicationReg"/>
  <testcase name="reg" time="15.980" classname="company.ApplicationReg"/>
  <testcase name="reg" time="15.325" classname="company.ApplicationReg"/>
  <testcase name="reg" time="18.894" classname="company.ApplicationReg"/>
  <testcase name="reg" time="17.795" classname="company.ApplicationReg"/>
  <testcase name="reg" time="15.138" classname="company.ApplicationReg"/>
  <testcase name="reg" time="15.307" classname="company.ApplicationReg"/>
  <testcase name="reg" time="15.256" classname="company.ApplicationReg"/>
  <testcase name="reg" time="15.394" classname="company.ApplicationReg"/>
  <testcase name="reg" time="15.049" classname="company.ApplicationReg"/>
  <testcase name="reg" time="14.992" classname="company.ApplicationReg"/>
  <testcase name="reg" time="14.913" classname="company.ApplicationReg"/>
  <testcase name="reg" time="14.987" classname="company.ApplicationReg"/>
  <testcase name="reg" time="19.579" classname="company.ApplicationReg"/>
  <testcase name="reg" time="15.438" classname="company.ApplicationReg"/>
  <testcase name="reg" time="20.694" classname="company.ApplicationReg"/>
  <testcase name="reg" time="15.513" classname="company.ApplicationReg"/>
  <testcase name="reg" time="15.274" classname="company.ApplicationReg"/>
  <testcase name="reg" time="15.287" classname="company.ApplicationReg"/>
  <testcase name="reg" time="14.978" classname="company.ApplicationReg"/>
  <testcase name="reg" time="20.202" classname="company.ApplicationReg"/>
  <testcase name="reg" time="15.721" classname="company.ApplicationReg"/>
  <testcase name="reg" time="14.987" classname="company.ApplicationReg"/>
  <testcase name="reg" time="14.989" classname="company.ApplicationReg"/>
  <testcase name="reg" time="17.869" classname="company.ApplicationReg"/>
  <testcase name="reg" time="15.302" classname="company.ApplicationReg"/>
  <testcase name="reg" time="19.060" classname="company.ApplicationReg"/>
  <testcase name="reg" time="15.544" classname="company.ApplicationReg"/>
  <testcase name="reg" time="15.287" classname="company.ApplicationReg"/>
  <testcase name="reg" time="14.601" classname="company.ApplicationReg"/>
  <testcase name="reg" time="15.658" classname="company.ApplicationReg"/>
  <testcase name="reg" time="15.281" classname="company.ApplicationReg"/>
  <testcase name="reg" time="14.911" classname="company.ApplicationReg"/>
  <testcase name="reg" time="16.489" classname="company.ApplicationReg"/>
  <testcase name="reg" time="15.600" classname="company.ApplicationReg"/>
  <testcase name="reg" time="15.315" classname="company.ApplicationReg"/>
  <testcase name="reg" time="26.509" classname="company.ApplicationReg"/>
  <testcase name="reg" time="19.610" classname="company.ApplicationReg"/>
  <testcase name="reg" time="18.776" classname="company.ApplicationReg"/>
  <testcase name="reg" time="15.130" classname="company.ApplicationReg"/>
  <testcase name="reg" time="15.430" classname="company.ApplicationReg"/>
  <testcase name="reg" time="15.209" classname="company.ApplicationReg"/>
  <testcase name="reg" time="15.093" classname="company.ApplicationReg"/>
  <testcase name="reg" time="15.141" classname="company.ApplicationReg"/>
  <testcase name="reg" time="20.480" classname="company.ApplicationReg"/>
  <testcase name="reg" time="15.413" classname="company.ApplicationReg"/>
  <testcase name="reg" time="19.586" classname="company.ApplicationReg"/>
  <testcase name="reg" time="14.879" classname="company.ApplicationReg"/>
  <testcase name="reg" time="19.835" classname="company.ApplicationReg"/>
  <testcase name="reg" time="18.943" classname="company.ApplicationReg"/>
  <testcase name="reg" time="15.500" classname="company.ApplicationReg"/>
  <testcase name="reg" time="16.845" classname="company.ApplicationReg"/>
  <testcase name="reg" time="19.640" classname="company.ApplicationReg"/>
  <testcase name="reg" time="14.890" classname="company.ApplicationReg"/>
  <testcase name="reg" time="15.529" classname="company.ApplicationReg"/>
  <testcase name="reg" time="15.154" classname="company.ApplicationReg"/>
  <testcase name="reg" time="15.212" classname="company.ApplicationReg"/>
  <testcase name="reg" time="15.250" classname="company.ApplicationReg"/>
  <testcase name="reg" time="15.767" classname="company.ApplicationReg"/>
  <testcase name="reg" time="20.134" classname="company.ApplicationReg"/>
</testsuite> <!-- company.ApplicationReg -->
