<?xml version="1.0" encoding="UTF-8"?>
<!-- Generated by org.testng.reporters.JUnitReportReporter -->
<testsuite skipped="0" hostname="sbv6-Vostro-3268" name="company.AreaBase" tests="1" failures="0" timestamp="21 Feb 2019 11:03:55 GMT" time="7.265" errors="0">
  <testcase name="start" time="7.265" classname="company.AreaBase"/>
</testsuite> <!-- company.AreaBase -->
