<?xml version="1.0" encoding="UTF-8"?>
<!-- Generated by org.testng.reporters.JUnitReportReporter -->
<testsuite skipped="0" hostname="sbv6-Vostro-3268" name="company.OrderTakingBase" tests="1" failures="0" timestamp="10 Dec 2018 04:42:04 GMT" time="5.442" errors="0">
  <testcase name="start" time="5.442" classname="company.OrderTakingBase"/>
</testsuite> <!-- company.OrderTakingBase -->
