<?xml version="1.0" encoding="UTF-8"?>
<!-- Generated by org.testng.reporters.JUnitReportReporter -->
<testsuite skipped="275" hostname="sbv6-Vostro-3268" name="company.Company" tests="385" failures="0" timestamp="01 Nov 2018 08:27:59 GMT" time="3013.842" errors="1">
  <testcase name="company" time="8.717" classname="company.Company">
    <skipped/>
  </testcase> <!-- company -->
  <testcase name="company" time="8.834" classname="company.Company">
    <skipped/>
  </testcase> <!-- company -->
  <testcase name="company" time="8.769" classname="company.Company">
    <skipped/>
  </testcase> <!-- company -->
  <testcase name="company" time="8.471" classname="company.Company">
    <skipped/>
  </testcase> <!-- company -->
  <testcase name="company" time="16.833" classname="company.Company"/>
  <testcase name="company" time="8.672" classname="company.Company">
    <skipped/>
  </testcase> <!-- company -->
  <testcase name="company" time="8.820" classname="company.Company">
    <skipped/>
  </testcase> <!-- company -->
  <testcase name="company" time="8.895" classname="company.Company">
    <skipped/>
  </testcase> <!-- company -->
  <testcase name="company" time="16.719" classname="company.Company"/>
  <testcase name="company" time="17.317" classname="company.Company"/>
  <testcase name="company" time="9.064" classname="company.Company">
    <skipped/>
  </testcase> <!-- company -->
  <testcase name="company" time="9.706" classname="company.Company">
    <skipped/>
  </testcase> <!-- company -->
  <testcase name="company" time="16.845" classname="company.Company"/>
  <testcase name="company" time="8.965" classname="company.Company">
    <skipped/>
  </testcase> <!-- company -->
  <testcase name="company" time="8.622" classname="company.Company">
    <skipped/>
  </testcase> <!-- company -->
  <testcase name="company" time="9.176" classname="company.Company">
    <skipped/>
  </testcase> <!-- company -->
  <testcase name="company" time="8.550" classname="company.Company">
    <skipped/>
  </testcase> <!-- company -->
  <testcase name="company" time="8.932" classname="company.Company">
    <skipped/>
  </testcase> <!-- company -->
  <testcase name="company" time="8.549" classname="company.Company">
    <skipped/>
  </testcase> <!-- company -->
  <testcase name="company" time="8.796" classname="company.Company">
    <skipped/>
  </testcase> <!-- company -->
  <testcase name="company" time="9.047" classname="company.Company">
    <skipped/>
  </testcase> <!-- company -->
  <testcase name="company" time="9.087" classname="company.Company">
    <skipped/>
  </testcase> <!-- company -->
  <testcase name="company" time="8.901" classname="company.Company">
    <skipped/>
  </testcase> <!-- company -->
  <testcase name="company" time="8.762" classname="company.Company">
    <skipped/>
  </testcase> <!-- company -->
  <testcase name="company" time="16.558" classname="company.Company"/>
  <testcase name="company" time="17.055" classname="company.Company"/>
  <testcase name="company" time="17.343" classname="company.Company"/>
  <testcase name="company" time="16.847" classname="company.Company"/>
  <testcase name="company" time="8.812" classname="company.Company">
    <skipped/>
  </testcase> <!-- company -->
  <testcase name="company" time="16.894" classname="company.Company"/>
  <testcase name="company" time="8.853" classname="company.Company">
    <skipped/>
  </testcase> <!-- company -->
  <testcase name="company" time="8.865" classname="company.Company">
    <skipped/>
  </testcase> <!-- company -->
  <testcase name="company" time="8.798" classname="company.Company">
    <skipped/>
  </testcase> <!-- company -->
  <testcase name="company" time="8.612" classname="company.Company">
    <skipped/>
  </testcase> <!-- company -->
  <testcase name="company" time="16.571" classname="company.Company"/>
  <testcase name="company" time="8.638" classname="company.Company">
    <skipped/>
  </testcase> <!-- company -->
  <testcase name="company" time="8.835" classname="company.Company">
    <skipped/>
  </testcase> <!-- company -->
  <testcase name="company" time="16.781" classname="company.Company"/>
  <testcase name="company" time="8.923" classname="company.Company">
    <skipped/>
  </testcase> <!-- company -->
  <testcase name="company" time="17.115" classname="company.Company"/>
  <testcase name="company" time="8.944" classname="company.Company">
    <skipped/>
  </testcase> <!-- company -->
  <testcase name="company" time="16.499" classname="company.Company"/>
  <testcase name="company" time="8.788" classname="company.Company">
    <skipped/>
  </testcase> <!-- company -->
  <testcase name="company" time="8.950" classname="company.Company">
    <skipped/>
  </testcase> <!-- company -->
  <testcase name="company" time="8.732" classname="company.Company">
    <skipped/>
  </testcase> <!-- company -->
  <testcase name="company" time="9.001" classname="company.Company">
    <skipped/>
  </testcase> <!-- company -->
  <testcase name="company" time="8.711" classname="company.Company">
    <skipped/>
  </testcase> <!-- company -->
  <testcase name="company" time="8.610" classname="company.Company">
    <skipped/>
  </testcase> <!-- company -->
  <testcase name="company" time="8.594" classname="company.Company">
    <skipped/>
  </testcase> <!-- company -->
  <testcase name="company" time="8.790" classname="company.Company">
    <skipped/>
  </testcase> <!-- company -->
  <testcase name="company" time="8.484" classname="company.Company">
    <skipped/>
  </testcase> <!-- company -->
  <testcase name="company" time="8.725" classname="company.Company">
    <skipped/>
  </testcase> <!-- company -->
  <testcase name="company" time="8.947" classname="company.Company">
    <skipped/>
  </testcase> <!-- company -->
  <testcase name="company" time="8.722" classname="company.Company">
    <skipped/>
  </testcase> <!-- company -->
  <testcase name="company" time="8.948" classname="company.Company">
    <skipped/>
  </testcase> <!-- company -->
  <testcase name="company" time="9.016" classname="company.Company">
    <skipped/>
  </testcase> <!-- company -->
  <testcase name="company" time="17.000" classname="company.Company"/>
  <testcase name="company" time="8.723" classname="company.Company">
    <skipped/>
  </testcase> <!-- company -->
  <testcase name="company" time="8.757" classname="company.Company">
    <skipped/>
  </testcase> <!-- company -->
  <testcase name="company" time="8.722" classname="company.Company">
    <skipped/>
  </testcase> <!-- company -->
  <testcase name="company" time="8.971" classname="company.Company">
    <skipped/>
  </testcase> <!-- company -->
  <testcase name="company" time="8.493" classname="company.Company">
    <skipped/>
  </testcase> <!-- company -->
  <testcase name="company" time="8.623" classname="company.Company">
    <skipped/>
  </testcase> <!-- company -->
  <testcase name="company" time="9.033" classname="company.Company">
    <skipped/>
  </testcase> <!-- company -->
  <testcase name="company" time="16.868" classname="company.Company"/>
  <testcase name="company" time="9.443" classname="company.Company">
    <skipped/>
  </testcase> <!-- company -->
  <testcase name="company" time="8.544" classname="company.Company">
    <skipped/>
  </testcase> <!-- company -->
  <testcase name="company" time="8.739" classname="company.Company">
    <skipped/>
  </testcase> <!-- company -->
  <testcase name="company" time="8.518" classname="company.Company">
    <skipped/>
  </testcase> <!-- company -->
  <testcase name="company" time="8.492" classname="company.Company">
    <skipped/>
  </testcase> <!-- company -->
  <testcase name="company" time="17.045" classname="company.Company"/>
  <testcase name="company" time="16.518" classname="company.Company"/>
  <testcase name="company" time="8.818" classname="company.Company">
    <skipped/>
  </testcase> <!-- company -->
  <testcase name="company" time="16.350" classname="company.Company"/>
  <testcase name="company" time="16.525" classname="company.Company"/>
  <testcase name="company" time="8.474" classname="company.Company">
    <skipped/>
  </testcase> <!-- company -->
  <testcase name="company" time="17.205" classname="company.Company"/>
  <testcase name="company" time="8.824" classname="company.Company">
    <skipped/>
  </testcase> <!-- company -->
  <testcase name="company" time="16.693" classname="company.Company"/>
  <testcase name="company" time="8.964" classname="company.Company">
    <skipped/>
  </testcase> <!-- company -->
  <testcase name="company" time="16.624" classname="company.Company"/>
  <testcase name="company" time="8.857" classname="company.Company">
    <skipped/>
  </testcase> <!-- company -->
  <testcase name="company" time="8.833" classname="company.Company">
    <skipped/>
  </testcase> <!-- company -->
  <testcase name="company" time="8.554" classname="company.Company">
    <skipped/>
  </testcase> <!-- company -->
  <testcase name="company" time="16.854" classname="company.Company"/>
  <testcase name="company" time="8.801" classname="company.Company">
    <skipped/>
  </testcase> <!-- company -->
  <testcase name="company" time="8.699" classname="company.Company">
    <skipped/>
  </testcase> <!-- company -->
  <testcase name="company" time="8.924" classname="company.Company">
    <skipped/>
  </testcase> <!-- company -->
  <testcase name="company" time="8.647" classname="company.Company">
    <skipped/>
  </testcase> <!-- company -->
  <testcase name="company" time="8.637" classname="company.Company">
    <skipped/>
  </testcase> <!-- company -->
  <testcase name="company" time="8.845" classname="company.Company">
    <skipped/>
  </testcase> <!-- company -->
  <testcase name="company" time="9.002" classname="company.Company">
    <skipped/>
  </testcase> <!-- company -->
  <testcase name="company" time="16.756" classname="company.Company"/>
  <testcase name="company" time="8.655" classname="company.Company">
    <skipped/>
  </testcase> <!-- company -->
  <testcase name="company" time="17.064" classname="company.Company"/>
  <testcase name="company" time="8.593" classname="company.Company">
    <skipped/>
  </testcase> <!-- company -->
  <testcase name="company" time="8.536" classname="company.Company">
    <skipped/>
  </testcase> <!-- company -->
  <testcase name="company" time="8.780" classname="company.Company">
    <skipped/>
  </testcase> <!-- company -->
  <testcase name="company" time="8.545" classname="company.Company">
    <skipped/>
  </testcase> <!-- company -->
  <testcase name="company" time="8.748" classname="company.Company">
    <skipped/>
  </testcase> <!-- company -->
  <testcase name="company" time="8.996" classname="company.Company">
    <skipped/>
  </testcase> <!-- company -->
  <testcase name="company" time="17.022" classname="company.Company"/>
  <testcase name="company" time="8.927" classname="company.Company">
    <skipped/>
  </testcase> <!-- company -->
  <testcase name="company" time="8.991" classname="company.Company">
    <skipped/>
  </testcase> <!-- company -->
  <testcase name="company" time="8.717" classname="company.Company">
    <skipped/>
  </testcase> <!-- company -->
  <testcase name="company" time="8.534" classname="company.Company">
    <skipped/>
  </testcase> <!-- company -->
  <testcase name="company" time="17.311" classname="company.Company"/>
  <testcase name="company" time="8.607" classname="company.Company">
    <skipped/>
  </testcase> <!-- company -->
  <testcase name="company" time="16.723" classname="company.Company"/>
  <testcase name="company" time="7.925" classname="company.Company"/>
  <testcase name="company" time="0.000" classname="company.Company">
    <skipped/>
  </testcase> <!-- company -->
  <testcase name="company" time="8.301" classname="company.Company"/>
  <testcase name="company" time="8.082" classname="company.Company"/>
  <testcase name="company" time="0.000" classname="company.Company">
    <skipped/>
  </testcase> <!-- company -->
  <testcase name="company" time="0.000" classname="company.Company">
    <skipped/>
  </testcase> <!-- company -->
  <testcase name="company" time="8.258" classname="company.Company"/>
  <testcase name="company" time="0.000" classname="company.Company">
    <skipped/>
  </testcase> <!-- company -->
  <testcase name="company" time="7.896" classname="company.Company"/>
  <testcase name="company" time="0.000" classname="company.Company">
    <skipped/>
  </testcase> <!-- company -->
  <testcase name="company" time="0.000" classname="company.Company">
    <skipped/>
  </testcase> <!-- company -->
  <testcase name="company" time="0.000" classname="company.Company">
    <skipped/>
  </testcase> <!-- company -->
  <testcase name="company" time="0.000" classname="company.Company">
    <skipped/>
  </testcase> <!-- company -->
  <testcase name="company" time="0.000" classname="company.Company">
    <skipped/>
  </testcase> <!-- company -->
  <testcase name="company" time="0.000" classname="company.Company">
    <skipped/>
  </testcase> <!-- company -->
  <testcase name="company" time="0.000" classname="company.Company">
    <skipped/>
  </testcase> <!-- company -->
  <testcase name="company" time="8.398" classname="company.Company"/>
  <testcase name="company" time="0.000" classname="company.Company">
    <skipped/>
  </testcase> <!-- company -->
  <testcase name="company" time="0.000" classname="company.Company">
    <skipped/>
  </testcase> <!-- company -->
  <testcase name="company" time="0.000" classname="company.Company">
    <skipped/>
  </testcase> <!-- company -->
  <testcase name="company" time="8.074" classname="company.Company"/>
  <testcase name="company" time="7.884" classname="company.Company"/>
  <testcase name="company" time="0.000" classname="company.Company">
    <skipped/>
  </testcase> <!-- company -->
  <testcase name="company" time="0.000" classname="company.Company">
    <skipped/>
  </testcase> <!-- company -->
  <testcase name="company" time="0.000" classname="company.Company">
    <skipped/>
  </testcase> <!-- company -->
  <testcase name="company" time="7.840" classname="company.Company"/>
  <testcase name="company" time="8.226" classname="company.Company"/>
  <testcase name="company" time="8.125" classname="company.Company"/>
  <testcase name="company" time="0.000" classname="company.Company">
    <skipped/>
  </testcase> <!-- company -->
  <testcase name="company" time="8.187" classname="company.Company"/>
  <testcase name="company" time="8.263" classname="company.Company"/>
  <testcase name="company" time="0.000" classname="company.Company">
    <skipped/>
  </testcase> <!-- company -->
  <testcase name="company" time="0.000" classname="company.Company">
    <skipped/>
  </testcase> <!-- company -->
  <testcase name="company" time="0.000" classname="company.Company">
    <skipped/>
  </testcase> <!-- company -->
  <testcase name="company" time="0.000" classname="company.Company">
    <skipped/>
  </testcase> <!-- company -->
  <testcase name="company" time="0.000" classname="company.Company">
    <skipped/>
  </testcase> <!-- company -->
  <testcase name="company" time="0.000" classname="company.Company">
    <skipped/>
  </testcase> <!-- company -->
  <testcase name="start" time="1173.556" classname="company.Company">
    <error type="org.openqa.selenium.NoSuchElementException" message="no such element: Unable to locate element: {&quot;method&quot;:&quot;id&quot;,&quot;selector&quot;:&quot;Username&quot;}
  (Session info: chrome=69.0.3497.100)
  (Driver info: chromedriver=2.37.544315 (730aa6a5fdba159ac9f4c1e8cbc59bf1b5ce12b7),platform=Linux 4.4.0-138-generic x86_64) (WARNING: The server did not provide any stacktrace information)
Command duration or timeout: 0 milliseconds
For documentation on this error, please visit: http://seleniumhq.org/exceptions/no_such_element.html
Build info: version: &#039;3.7.1&#039;, revision: &#039;8a0099a&#039;, time: &#039;2017-11-06T21:01:39.354Z&#039;
System info: host: &#039;sbv6-Vostro-3268&#039;, ip: &#039;127.0.1.1&#039;, os.name: &#039;Linux&#039;, os.arch: &#039;amd64&#039;, os.version: &#039;4.4.0-138-generic&#039;, java.version: &#039;1.8.0_181&#039;
Driver info: org.openqa.selenium.chrome.ChromeDriver
Capabilities {acceptInsecureCerts: false, acceptSslCerts: false, applicationCacheEnabled: false, browserConnectionEnabled: false, browserName: chrome, chrome: {chromedriverVersion: 2.37.544315 (730aa6a5fdba15..., userDataDir: /tmp/.org.chromium.Chromium...}, cssSelectorsEnabled: true, databaseEnabled: false, handlesAlerts: true, hasTouchScreen: false, javascriptEnabled: true, locationContextEnabled: true, mobileEmulationEnabled: false, nativeEvents: true, networkConnectionEnabled: false, pageLoadStrategy: normal, platform: LINUX, platformName: LINUX, rotatable: false, setWindowRect: true, takesHeapSnapshot: true, takesScreenshot: true, unexpectedAlertBehaviour: , unhandledPromptBehavior: , version: 69.0.3497.100, webStorageEnabled: true}
Session ID: 746482cd2c5eeecedc3ea1b19cad3757
*** Element info: {Using=id, value=Username}">
      <![CDATA[org.openqa.selenium.NoSuchElementException: no such element: Unable to locate element: {"method":"id","selector":"Username"}
  (Session info: chrome=69.0.3497.100)
  (Driver info: chromedriver=2.37.544315 (730aa6a5fdba159ac9f4c1e8cbc59bf1b5ce12b7),platform=Linux 4.4.0-138-generic x86_64) (WARNING: The server did not provide any stacktrace information)
Command duration or timeout: 0 milliseconds
For documentation on this error, please visit: http://seleniumhq.org/exceptions/no_such_element.html
Build info: version: '3.7.1', revision: '8a0099a', time: '2017-11-06T21:01:39.354Z'
System info: host: 'sbv6-Vostro-3268', ip: '127.0.1.1', os.name: 'Linux', os.arch: 'amd64', os.version: '4.4.0-138-generic', java.version: '1.8.0_181'
Driver info: org.openqa.selenium.chrome.ChromeDriver
Capabilities {acceptInsecureCerts: false, acceptSslCerts: false, applicationCacheEnabled: false, browserConnectionEnabled: false, browserName: chrome, chrome: {chromedriverVersion: 2.37.544315 (730aa6a5fdba15..., userDataDir: /tmp/.org.chromium.Chromium...}, cssSelectorsEnabled: true, databaseEnabled: false, handlesAlerts: true, hasTouchScreen: false, javascriptEnabled: true, locationContextEnabled: true, mobileEmulationEnabled: false, nativeEvents: true, networkConnectionEnabled: false, pageLoadStrategy: normal, platform: LINUX, platformName: LINUX, rotatable: false, setWindowRect: true, takesHeapSnapshot: true, takesScreenshot: true, unexpectedAlertBehaviour: , unhandledPromptBehavior: , version: 69.0.3497.100, webStorageEnabled: true}
Session ID: 746482cd2c5eeecedc3ea1b19cad3757
*** Element info: {Using=id, value=Username}
	at sun.reflect.NativeConstructorAccessorImpl.newInstance0(Native Method)
	at sun.reflect.NativeConstructorAccessorImpl.newInstance(NativeConstructorAccessorImpl.java:62)
	at sun.reflect.DelegatingConstructorAccessorImpl.newInstance(DelegatingConstructorAccessorImpl.java:45)
	at java.lang.reflect.Constructor.newInstance(Constructor.java:423)
	at org.openqa.selenium.remote.ErrorHandler.createThrowable(ErrorHandler.java:214)
	at org.openqa.selenium.remote.ErrorHandler.throwIfResponseFailed(ErrorHandler.java:166)
	at org.openqa.selenium.remote.http.JsonHttpResponseCodec.reconstructValue(JsonHttpResponseCodec.java:40)
	at org.openqa.selenium.remote.http.AbstractHttpResponseCodec.decode(AbstractHttpResponseCodec.java:80)
	at org.openqa.selenium.remote.http.AbstractHttpResponseCodec.decode(AbstractHttpResponseCodec.java:44)
	at org.openqa.selenium.remote.HttpCommandExecutor.execute(HttpCommandExecutor.java:164)
	at org.openqa.selenium.remote.service.DriverCommandExecutor.execute(DriverCommandExecutor.java:83)
	at org.openqa.selenium.remote.RemoteWebDriver.execute(RemoteWebDriver.java:600)
	at org.openqa.selenium.remote.RemoteWebDriver.findElement(RemoteWebDriver.java:370)
	at org.openqa.selenium.remote.RemoteWebDriver.findElementById(RemoteWebDriver.java:416)
	at org.openqa.selenium.By$ById.findElement(By.java:218)
	at org.openqa.selenium.remote.RemoteWebDriver.findElement(RemoteWebDriver.java:362)
	at company.CompanyBase.start(CompanyBase.java:27)
	at sun.reflect.GeneratedMethodAccessor1.invoke(Unknown Source)
	at sun.reflect.DelegatingMethodAccessorImpl.invoke(DelegatingMethodAccessorImpl.java:43)
	at java.lang.reflect.Method.invoke(Method.java:498)
	at org.testng.internal.MethodInvocationHelper.invokeMethod(MethodInvocationHelper.java:108)
	at org.testng.internal.Invoker.invokeConfigurationMethod(Invoker.java:523)
	at org.testng.internal.Invoker.invokeConfigurations(Invoker.java:224)
	at org.testng.internal.Invoker.invokeMethod(Invoker.java:599)
	at org.testng.internal.Invoker.invokeTestMethod(Invoker.java:869)
	at org.testng.internal.Invoker.invokeTestMethods(Invoker.java:1193)
	at org.testng.internal.TestMethodWorker.invokeTestMethods(TestMethodWorker.java:126)
	at org.testng.internal.TestMethodWorker.run(TestMethodWorker.java:109)
	at org.testng.TestRunner.privateRun(TestRunner.java:744)
	at org.testng.TestRunner.run(TestRunner.java:602)
	at org.testng.SuiteRunner.runTest(SuiteRunner.java:380)
	at org.testng.SuiteRunner.runSequentially(SuiteRunner.java:375)
	at org.testng.SuiteRunner.privateRun(SuiteRunner.java:340)
	at org.testng.SuiteRunner.run(SuiteRunner.java:289)
	at org.testng.SuiteRunnerWorker.runSuite(SuiteRunnerWorker.java:52)
	at org.testng.SuiteRunnerWorker.run(SuiteRunnerWorker.java:86)
	at org.testng.TestNG.runSuitesSequentially(TestNG.java:1301)
	at org.testng.TestNG.runSuitesLocally(TestNG.java:1226)
	at org.testng.TestNG.runSuites(TestNG.java:1144)
	at org.testng.TestNG.run(TestNG.java:1115)
	at org.testng.remote.AbstractRemoteTestNG.run(AbstractRemoteTestNG.java:114)
	at org.testng.remote.RemoteTestNG.initAndRun(RemoteTestNG.java:251)
	at org.testng.remote.RemoteTestNG.main(RemoteTestNG.java:77)
]]>
    </error>
  </testcase> <!-- start -->
  <testcase name="company" time="8.115" classname="company.Company"/>
  <testcase name="company" time="0.000" classname="company.Company">
    <skipped/>
  </testcase> <!-- company -->
  <testcase name="company" time="0.000" classname="company.Company">
    <skipped/>
  </testcase> <!-- company -->
  <testcase name="company" time="7.944" classname="company.Company"/>
  <testcase name="company" time="0.000" classname="company.Company">
    <skipped/>
  </testcase> <!-- company -->
  <testcase name="company" time="0.000" classname="company.Company">
    <skipped/>
  </testcase> <!-- company -->
  <testcase name="company" time="0.000" classname="company.Company">
    <skipped/>
  </testcase> <!-- company -->
  <testcase name="company" time="8.408" classname="company.Company"/>
  <testcase name="company" time="0.000" classname="company.Company">
    <skipped/>
  </testcase> <!-- company -->
  <testcase name="company" time="8.103" classname="company.Company"/>
  <testcase name="company" time="0.000" classname="company.Company">
    <skipped/>
  </testcase> <!-- company -->
  <testcase name="company" time="0.000" classname="company.Company">
    <skipped/>
  </testcase> <!-- company -->
  <testcase name="company" time="0.000" classname="company.Company">
    <skipped/>
  </testcase> <!-- company -->
  <testcase name="company" time="0.000" classname="company.Company">
    <skipped/>
  </testcase> <!-- company -->
  <testcase name="company" time="0.000" classname="company.Company">
    <skipped/>
  </testcase> <!-- company -->
  <testcase name="company" time="0.000" classname="company.Company">
    <skipped/>
  </testcase> <!-- company -->
  <testcase name="company" time="0.000" classname="company.Company">
    <skipped/>
  </testcase> <!-- company -->
  <testcase name="company" time="0.000" classname="company.Company">
    <skipped/>
  </testcase> <!-- company -->
  <testcase name="company" time="0.001" classname="company.Company">
    <skipped/>
  </testcase> <!-- company -->
  <testcase name="company" time="0.000" classname="company.Company">
    <skipped/>
  </testcase> <!-- company -->
  <testcase name="company" time="7.996" classname="company.Company"/>
  <testcase name="company" time="0.000" classname="company.Company">
    <skipped/>
  </testcase> <!-- company -->
  <testcase name="company" time="0.000" classname="company.Company">
    <skipped/>
  </testcase> <!-- company -->
  <testcase name="company" time="0.000" classname="company.Company">
    <skipped/>
  </testcase> <!-- company -->
  <testcase name="company" time="0.000" classname="company.Company">
    <skipped/>
  </testcase> <!-- company -->
  <testcase name="company" time="0.000" classname="company.Company">
    <skipped/>
  </testcase> <!-- company -->
  <testcase name="company" time="8.064" classname="company.Company"/>
  <testcase name="company" time="0.000" classname="company.Company">
    <skipped/>
  </testcase> <!-- company -->
  <testcase name="company" time="0.000" classname="company.Company">
    <skipped/>
  </testcase> <!-- company -->
  <testcase name="company" time="0.000" classname="company.Company">
    <skipped/>
  </testcase> <!-- company -->
  <testcase name="company" time="7.926" classname="company.Company"/>
  <testcase name="company" time="8.013" classname="company.Company"/>
  <testcase name="company" time="0.000" classname="company.Company">
    <skipped/>
  </testcase> <!-- company -->
  <testcase name="company" time="7.854" classname="company.Company"/>
  <testcase name="company" time="0.000" classname="company.Company">
    <skipped/>
  </testcase> <!-- company -->
  <testcase name="company" time="0.000" classname="company.Company">
    <skipped/>
  </testcase> <!-- company -->
  <testcase name="company" time="0.000" classname="company.Company">
    <skipped/>
  </testcase> <!-- company -->
  <testcase name="company" time="7.928" classname="company.Company"/>
  <testcase name="company" time="0.000" classname="company.Company">
    <skipped/>
  </testcase> <!-- company -->
  <testcase name="company" time="0.000" classname="company.Company">
    <skipped/>
  </testcase> <!-- company -->
  <testcase name="company" time="0.000" classname="company.Company">
    <skipped/>
  </testcase> <!-- company -->
  <testcase name="company" time="0.000" classname="company.Company">
    <skipped/>
  </testcase> <!-- company -->
  <testcase name="company" time="0.000" classname="company.Company">
    <skipped/>
  </testcase> <!-- company -->
  <testcase name="company" time="0.000" classname="company.Company">
    <skipped/>
  </testcase> <!-- company -->
  <testcase name="company" time="0.000" classname="company.Company">
    <skipped/>
  </testcase> <!-- company -->
  <testcase name="company" time="0.000" classname="company.Company">
    <skipped/>
  </testcase> <!-- company -->
  <testcase name="company" time="0.000" classname="company.Company">
    <skipped/>
  </testcase> <!-- company -->
  <testcase name="company" time="8.080" classname="company.Company"/>
  <testcase name="company" time="0.000" classname="company.Company">
    <skipped/>
  </testcase> <!-- company -->
  <testcase name="company" time="0.000" classname="company.Company">
    <skipped/>
  </testcase> <!-- company -->
  <testcase name="company" time="0.000" classname="company.Company">
    <skipped/>
  </testcase> <!-- company -->
  <testcase name="company" time="0.000" classname="company.Company">
    <skipped/>
  </testcase> <!-- company -->
  <testcase name="company" time="0.000" classname="company.Company">
    <skipped/>
  </testcase> <!-- company -->
  <testcase name="company" time="0.000" classname="company.Company">
    <skipped/>
  </testcase> <!-- company -->
  <testcase name="company" time="8.014" classname="company.Company"/>
  <testcase name="company" time="0.000" classname="company.Company">
    <skipped/>
  </testcase> <!-- company -->
  <testcase name="company" time="0.000" classname="company.Company">
    <skipped/>
  </testcase> <!-- company -->
  <testcase name="company" time="0.000" classname="company.Company">
    <skipped/>
  </testcase> <!-- company -->
  <testcase name="company" time="0.000" classname="company.Company">
    <skipped/>
  </testcase> <!-- company -->
  <testcase name="company" time="0.000" classname="company.Company">
    <skipped/>
  </testcase> <!-- company -->
  <testcase name="company" time="8.004" classname="company.Company"/>
  <testcase name="company" time="8.247" classname="company.Company"/>
  <testcase name="company" time="0.000" classname="company.Company">
    <skipped/>
  </testcase> <!-- company -->
  <testcase name="company" time="7.914" classname="company.Company"/>
  <testcase name="company" time="0.000" classname="company.Company">
    <skipped/>
  </testcase> <!-- company -->
  <testcase name="company" time="0.000" classname="company.Company">
    <skipped/>
  </testcase> <!-- company -->
  <testcase name="company" time="8.197" classname="company.Company"/>
  <testcase name="company" time="8.685" classname="company.Company"/>
  <testcase name="company" time="0.000" classname="company.Company">
    <skipped/>
  </testcase> <!-- company -->
  <testcase name="company" time="0.000" classname="company.Company">
    <skipped/>
  </testcase> <!-- company -->
  <testcase name="company" time="0.000" classname="company.Company">
    <skipped/>
  </testcase> <!-- company -->
  <testcase name="company" time="0.000" classname="company.Company">
    <skipped/>
  </testcase> <!-- company -->
  <testcase name="company" time="0.000" classname="company.Company">
    <skipped/>
  </testcase> <!-- company -->
  <testcase name="company" time="0.000" classname="company.Company">
    <skipped/>
  </testcase> <!-- company -->
  <testcase name="company" time="0.000" classname="company.Company">
    <skipped/>
  </testcase> <!-- company -->
  <testcase name="company" time="0.000" classname="company.Company">
    <skipped/>
  </testcase> <!-- company -->
  <testcase name="company" time="0.000" classname="company.Company">
    <skipped/>
  </testcase> <!-- company -->
  <testcase name="company" time="8.118" classname="company.Company"/>
  <testcase name="company" time="0.000" classname="company.Company">
    <skipped/>
  </testcase> <!-- company -->
  <testcase name="company" time="0.000" classname="company.Company">
    <skipped/>
  </testcase> <!-- company -->
  <testcase name="company" time="0.000" classname="company.Company">
    <skipped/>
  </testcase> <!-- company -->
  <testcase name="company" time="7.882" classname="company.Company"/>
  <testcase name="company" time="0.000" classname="company.Company">
    <skipped/>
  </testcase> <!-- company -->
  <testcase name="company" time="0.000" classname="company.Company">
    <skipped/>
  </testcase> <!-- company -->
  <testcase name="company" time="0.000" classname="company.Company">
    <skipped/>
  </testcase> <!-- company -->
  <testcase name="company" time="8.222" classname="company.Company"/>
  <testcase name="company" time="0.000" classname="company.Company">
    <skipped/>
  </testcase> <!-- company -->
  <testcase name="company" time="0.000" classname="company.Company">
    <skipped/>
  </testcase> <!-- company -->
  <testcase name="company" time="0.000" classname="company.Company">
    <skipped/>
  </testcase> <!-- company -->
  <testcase name="company" time="8.071" classname="company.Company"/>
  <testcase name="company" time="0.000" classname="company.Company">
    <skipped/>
  </testcase> <!-- company -->
  <testcase name="company" time="0.000" classname="company.Company">
    <skipped/>
  </testcase> <!-- company -->
  <testcase name="company" time="8.148" classname="company.Company"/>
  <testcase name="company" time="0.000" classname="company.Company">
    <skipped/>
  </testcase> <!-- company -->
  <testcase name="company" time="0.001" classname="company.Company">
    <skipped/>
  </testcase> <!-- company -->
  <testcase name="company" time="0.000" classname="company.Company">
    <skipped/>
  </testcase> <!-- company -->
  <testcase name="company" time="0.000" classname="company.Company">
    <skipped/>
  </testcase> <!-- company -->
  <testcase name="company" time="8.078" classname="company.Company"/>
  <testcase name="company" time="7.827" classname="company.Company"/>
  <testcase name="company" time="8.062" classname="company.Company"/>
  <testcase name="company" time="8.010" classname="company.Company"/>
  <testcase name="company" time="0.000" classname="company.Company">
    <skipped/>
  </testcase> <!-- company -->
  <testcase name="company" time="0.001" classname="company.Company">
    <skipped/>
  </testcase> <!-- company -->
  <testcase name="company" time="8.284" classname="company.Company"/>
  <testcase name="company" time="0.000" classname="company.Company">
    <skipped/>
  </testcase> <!-- company -->
  <testcase name="company" time="0.000" classname="company.Company">
    <skipped/>
  </testcase> <!-- company -->
  <testcase name="company" time="0.000" classname="company.Company">
    <skipped/>
  </testcase> <!-- company -->
  <testcase name="company" time="8.231" classname="company.Company"/>
  <testcase name="company" time="0.000" classname="company.Company">
    <skipped/>
  </testcase> <!-- company -->
  <testcase name="company" time="0.000" classname="company.Company">
    <skipped/>
  </testcase> <!-- company -->
  <testcase name="company" time="8.055" classname="company.Company"/>
  <testcase name="company" time="0.000" classname="company.Company">
    <skipped/>
  </testcase> <!-- company -->
  <testcase name="company" time="0.000" classname="company.Company">
    <skipped/>
  </testcase> <!-- company -->
  <testcase name="company" time="0.000" classname="company.Company">
    <skipped/>
  </testcase> <!-- company -->
  <testcase name="company" time="0.000" classname="company.Company">
    <skipped/>
  </testcase> <!-- company -->
  <testcase name="company" time="0.000" classname="company.Company">
    <skipped/>
  </testcase> <!-- company -->
  <testcase name="company" time="7.993" classname="company.Company"/>
  <testcase name="company" time="0.000" classname="company.Company">
    <skipped/>
  </testcase> <!-- company -->
  <testcase name="company" time="7.724" classname="company.Company"/>
  <testcase name="company" time="0.000" classname="company.Company">
    <skipped/>
  </testcase> <!-- company -->
  <testcase name="company" time="8.139" classname="company.Company"/>
  <testcase name="company" time="8.452" classname="company.Company"/>
  <testcase name="company" time="7.958" classname="company.Company"/>
  <testcase name="company" time="8.112" classname="company.Company"/>
  <testcase name="company" time="0.000" classname="company.Company">
    <skipped/>
  </testcase> <!-- company -->
  <testcase name="company" time="0.000" classname="company.Company">
    <skipped/>
  </testcase> <!-- company -->
  <testcase name="company" time="8.198" classname="company.Company"/>
  <testcase name="company" time="0.000" classname="company.Company">
    <skipped/>
  </testcase> <!-- company -->
  <testcase name="company" time="0.000" classname="company.Company">
    <skipped/>
  </testcase> <!-- company -->
  <testcase name="company" time="0.000" classname="company.Company">
    <skipped/>
  </testcase> <!-- company -->
  <testcase name="company" time="0.000" classname="company.Company">
    <skipped/>
  </testcase> <!-- company -->
  <testcase name="company" time="7.960" classname="company.Company"/>
  <testcase name="company" time="0.000" classname="company.Company">
    <skipped/>
  </testcase> <!-- company -->
  <testcase name="company" time="0.000" classname="company.Company">
    <skipped/>
  </testcase> <!-- company -->
  <testcase name="company" time="0.000" classname="company.Company">
    <skipped/>
  </testcase> <!-- company -->
  <testcase name="company" time="0.000" classname="company.Company">
    <skipped/>
  </testcase> <!-- company -->
  <testcase name="company" time="0.000" classname="company.Company">
    <skipped/>
  </testcase> <!-- company -->
  <testcase name="company" time="0.000" classname="company.Company">
    <skipped/>
  </testcase> <!-- company -->
  <testcase name="company" time="8.249" classname="company.Company"/>
  <testcase name="company" time="0.000" classname="company.Company">
    <skipped/>
  </testcase> <!-- company -->
  <testcase name="company" time="0.000" classname="company.Company">
    <skipped/>
  </testcase> <!-- company -->
  <testcase name="company" time="0.000" classname="company.Company">
    <skipped/>
  </testcase> <!-- company -->
  <testcase name="company" time="0.000" classname="company.Company">
    <skipped/>
  </testcase> <!-- company -->
  <testcase name="company" time="8.159" classname="company.Company"/>
  <testcase name="company" time="8.062" classname="company.Company"/>
  <testcase name="company" time="0.000" classname="company.Company">
    <skipped/>
  </testcase> <!-- company -->
  <testcase name="company" time="0.000" classname="company.Company">
    <skipped/>
  </testcase> <!-- company -->
  <testcase name="company" time="0.000" classname="company.Company">
    <skipped/>
  </testcase> <!-- company -->
  <testcase name="company" time="0.000" classname="company.Company">
    <skipped/>
  </testcase> <!-- company -->
  <testcase name="company" time="8.136" classname="company.Company"/>
  <testcase name="company" time="0.000" classname="company.Company">
    <skipped/>
  </testcase> <!-- company -->
  <testcase name="company" time="0.000" classname="company.Company">
    <skipped/>
  </testcase> <!-- company -->
  <testcase name="company" time="0.000" classname="company.Company">
    <skipped/>
  </testcase> <!-- company -->
  <testcase name="company" time="0.000" classname="company.Company">
    <skipped/>
  </testcase> <!-- company -->
  <testcase name="company" time="0.000" classname="company.Company">
    <skipped/>
  </testcase> <!-- company -->
  <testcase name="company" time="0.001" classname="company.Company">
    <skipped/>
  </testcase> <!-- company -->
  <testcase name="company" time="0.000" classname="company.Company">
    <skipped/>
  </testcase> <!-- company -->
  <testcase name="company" time="0.000" classname="company.Company">
    <skipped/>
  </testcase> <!-- company -->
  <testcase name="company" time="0.001" classname="company.Company">
    <skipped/>
  </testcase> <!-- company -->
  <testcase name="company" time="0.000" classname="company.Company">
    <skipped/>
  </testcase> <!-- company -->
  <testcase name="company" time="0.000" classname="company.Company">
    <skipped/>
  </testcase> <!-- company -->
  <testcase name="company" time="7.997" classname="company.Company"/>
  <testcase name="company" time="8.022" classname="company.Company"/>
  <testcase name="company" time="0.000" classname="company.Company">
    <skipped/>
  </testcase> <!-- company -->
  <testcase name="company" time="0.000" classname="company.Company">
    <skipped/>
  </testcase> <!-- company -->
  <testcase name="company" time="0.000" classname="company.Company">
    <skipped/>
  </testcase> <!-- company -->
  <testcase name="company" time="0.000" classname="company.Company">
    <skipped/>
  </testcase> <!-- company -->
  <testcase name="company" time="7.978" classname="company.Company"/>
  <testcase name="company" time="8.153" classname="company.Company"/>
  <testcase name="company" time="8.175" classname="company.Company"/>
  <testcase name="company" time="0.000" classname="company.Company">
    <skipped/>
  </testcase> <!-- company -->
  <testcase name="company" time="0.000" classname="company.Company">
    <skipped/>
  </testcase> <!-- company -->
  <testcase name="company" time="0.000" classname="company.Company">
    <skipped/>
  </testcase> <!-- company -->
  <testcase name="company" time="8.110" classname="company.Company"/>
  <testcase name="company" time="8.093" classname="company.Company"/>
  <testcase name="company" time="0.000" classname="company.Company">
    <skipped/>
  </testcase> <!-- company -->
  <testcase name="company" time="0.000" classname="company.Company">
    <skipped/>
  </testcase> <!-- company -->
  <testcase name="company" time="0.000" classname="company.Company">
    <skipped/>
  </testcase> <!-- company -->
  <testcase name="company" time="8.246" classname="company.Company"/>
  <testcase name="company" time="7.919" classname="company.Company"/>
  <testcase name="company" time="0.000" classname="company.Company">
    <skipped/>
  </testcase> <!-- company -->
  <testcase name="company" time="0.000" classname="company.Company">
    <skipped/>
  </testcase> <!-- company -->
  <testcase name="company" time="0.000" classname="company.Company">
    <skipped/>
  </testcase> <!-- company -->
  <testcase name="company" time="0.000" classname="company.Company">
    <skipped/>
  </testcase> <!-- company -->
  <testcase name="company" time="0.000" classname="company.Company">
    <skipped/>
  </testcase> <!-- company -->
  <testcase name="company" time="8.180" classname="company.Company"/>
  <testcase name="company" time="0.000" classname="company.Company">
    <skipped/>
  </testcase> <!-- company -->
  <testcase name="company" time="0.000" classname="company.Company">
    <skipped/>
  </testcase> <!-- company -->
  <testcase name="company" time="8.028" classname="company.Company"/>
  <testcase name="company" time="7.985" classname="company.Company"/>
  <testcase name="company" time="0.000" classname="company.Company">
    <skipped/>
  </testcase> <!-- company -->
  <testcase name="company" time="0.000" classname="company.Company">
    <skipped/>
  </testcase> <!-- company -->
  <testcase name="company" time="0.000" classname="company.Company">
    <skipped/>
  </testcase> <!-- company -->
  <testcase name="company" time="8.261" classname="company.Company"/>
  <testcase name="company" time="8.156" classname="company.Company"/>
  <testcase name="company" time="7.884" classname="company.Company"/>
  <testcase name="company" time="0.000" classname="company.Company">
    <skipped/>
  </testcase> <!-- company -->
  <testcase name="company" time="0.000" classname="company.Company">
    <skipped/>
  </testcase> <!-- company -->
  <testcase name="company" time="8.034" classname="company.Company"/>
  <testcase name="company" time="0.000" classname="company.Company">
    <skipped/>
  </testcase> <!-- company -->
  <testcase name="company" time="0.000" classname="company.Company">
    <skipped/>
  </testcase> <!-- company -->
  <testcase name="company" time="0.000" classname="company.Company">
    <skipped/>
  </testcase> <!-- company -->
  <testcase name="company" time="0.000" classname="company.Company">
    <skipped/>
  </testcase> <!-- company -->
  <testcase name="company" time="0.000" classname="company.Company">
    <skipped/>
  </testcase> <!-- company -->
  <testcase name="company" time="0.000" classname="company.Company">
    <skipped/>
  </testcase> <!-- company -->
  <testcase name="company" time="7.832" classname="company.Company"/>
  <testcase name="company" time="0.000" classname="company.Company">
    <skipped/>
  </testcase> <!-- company -->
  <testcase name="company" time="0.000" classname="company.Company">
    <skipped/>
  </testcase> <!-- company -->
  <testcase name="company" time="8.076" classname="company.Company"/>
  <testcase name="company" time="0.000" classname="company.Company">
    <skipped/>
  </testcase> <!-- company -->
  <testcase name="company" time="8.522" classname="company.Company"/>
  <testcase name="company" time="0.000" classname="company.Company">
    <skipped/>
  </testcase> <!-- company -->
  <testcase name="company" time="0.000" classname="company.Company">
    <skipped/>
  </testcase> <!-- company -->
  <testcase name="company" time="8.138" classname="company.Company"/>
  <testcase name="company" time="0.000" classname="company.Company">
    <skipped/>
  </testcase> <!-- company -->
  <testcase name="company" time="0.000" classname="company.Company">
    <skipped/>
  </testcase> <!-- company -->
  <testcase name="company" time="0.000" classname="company.Company">
    <skipped/>
  </testcase> <!-- company -->
  <testcase name="company" time="0.000" classname="company.Company">
    <skipped/>
  </testcase> <!-- company -->
  <testcase name="company" time="8.071" classname="company.Company"/>
  <testcase name="company" time="0.000" classname="company.Company">
    <skipped/>
  </testcase> <!-- company -->
  <testcase name="company" time="0.000" classname="company.Company">
    <skipped/>
  </testcase> <!-- company -->
  <testcase name="company" time="8.340" classname="company.Company"/>
  <testcase name="company" time="0.000" classname="company.Company">
    <skipped/>
  </testcase> <!-- company -->
  <testcase name="company" time="0.000" classname="company.Company">
    <skipped/>
  </testcase> <!-- company -->
  <testcase name="company" time="0.000" classname="company.Company">
    <skipped/>
  </testcase> <!-- company -->
  <testcase name="company" time="8.183" classname="company.Company"/>
  <testcase name="company" time="0.000" classname="company.Company">
    <skipped/>
  </testcase> <!-- company -->
  <testcase name="company" time="0.000" classname="company.Company">
    <skipped/>
  </testcase> <!-- company -->
  <testcase name="company" time="8.169" classname="company.Company"/>
  <testcase name="company" time="8.297" classname="company.Company"/>
  <testcase name="company" time="0.000" classname="company.Company">
    <skipped/>
  </testcase> <!-- company -->
  <testcase name="company" time="8.095" classname="company.Company"/>
  <testcase name="company" time="0.000" classname="company.Company">
    <skipped/>
  </testcase> <!-- company -->
  <testcase name="company" time="0.000" classname="company.Company">
    <skipped/>
  </testcase> <!-- company -->
  <testcase name="company" time="0.000" classname="company.Company">
    <skipped/>
  </testcase> <!-- company -->
  <testcase name="company" time="0.000" classname="company.Company">
    <skipped/>
  </testcase> <!-- company -->
  <testcase name="company" time="8.122" classname="company.Company"/>
  <testcase name="company" time="0.000" classname="company.Company">
    <skipped/>
  </testcase> <!-- company -->
</testsuite> <!-- company.Company -->
