<?xml version="1.0" encoding="UTF-8"?>
<!-- Generated by org.testng.reporters.JUnitReportReporter -->
<testsuite skipped="0" hostname="sbv6-Vostro-3268" name="company.CompanyBase" tests="1" failures="0" timestamp="26 Oct 2018 07:05:15 GMT" time="5.405" errors="0">
  <testcase name="start" time="5.405" classname="company.CompanyBase"/>
</testsuite> <!-- company.CompanyBase -->
